Warning in <TInterpreter::ReadRootmapFile>: class  AliReconstructedFirst found in libPWGCFKPAnalysis  is already in libPWGCFK0pAnalysis 
Warning in <TInterpreter::ReadRootmapFile>: class  AliReconstructedSecond found in libPWGCFKPAnalysis  is already in libPWGCFK0pAnalysis 
--> pt and y shape of Lambda from /home/carolinda/Scaricati/PtY_spectra.root
Info in <TGeoGlobalMagField::SetField>: Global magnetic field set to <>
Info in <TGeoGlobalMagField::Lock>: Global magnetic field <> is now locked
tutto beneeeeeeee yeeeeeeeeeeeee 
tutto beneeeeeeee NOTLAMBDAAAAAAA 
Magnetic Field: Custom0
No BeamPipe found in the setup ~/Scaricati/na60plus/na60fastsim/files/setup-5um-maps_Eff1.txt
count 10 
DefStep: Air 100.000000 Mat: 5.000000 | N.MagField regions: 2
KMCProbeFwd is initialized with 11 slots
--- Background parameters for E=160 GeV/nucleon ---
Simulation of background at 160 GeV/nucleon
pions:   total multiplicity = 1258.000000 ; T = 0.180000
kaons:   total multiplicity = 155.000000 ; T = 0.230000
protons: total multiplicity = 292.000000 ; T = 0.310000
Attention: overriding last active layer from 10 to 10
*************************************
number of magnetic field regions = 2
*** Field region 0 ***
Bx = -20.000000 B = 0.000000 Bz = 0.000000 zmin = -2.000000 zmax = 40.000000
*** Field region 1 ***
B = 250.000000 Rmin = 30.000000 Rmax = 300.000000 zmin = 380.000000 zmax = 680.000000
EvtGen:Defining EvtPhotosEngine using photonType = gamma
EvtGen:Setting up PHOTOS.
EvtGen:Using EvtGen random number engine also for Photos++
Message from PHCORK(MODCOR):: initialization
MODOP=5 -- corrects Energy from mass+flow

********************************************************************************

                            =========================
                              PHOTOS, Version:  3.56
                              Released at:  3/5/14
                            =========================

                     Photos QED corrections in Particle Decays

           Monte Carlo Program - by E. Barberio, B. van Eijk and Z. Was
           From version 2.09   - by P. Golonka and Z. Was
           From version 3.00   - by N. Davidson, T. Przedzinski and Z. Was
********************************************************************************

                  Internal (default) input parameters: 

                    INTERF= 1 ISEC= 0 ITRE= 0 IEXP= 1 IFTOP= 1 IFW= 1
                    ALPHA_QED= 0x1.de3d3945c2bf2p-8 XPHCUT= 0x1.ad7f29abcaf48p-24

                    Option with interference is active
                    Option with exponentiation is active EPSEXP=0x1.a36e2eb1c432dp-14
                    Emision in t tbar production is active
                    Correction wt in decay of W is active

          WARNING:  /HEPEVT/ is not anymore used.

********************************************************************************
MODOP=2 -- blocks emission in Kl  to gamma e+e-: DEFAULT
MODOP=2 -- blocks emission in pi0 to gamma e+e-: DEFAULT
 IPHQRK_setQarknoEmission MODOP=1 -- blocks emission from light quarks:  DEFAULT
Message from PHCORK(MODCOR):: initialization
MODOP=5 -- corrects Energy from mass+flow
EvtGen:Defining EvtPythiaEngine: data tables defined in 
EvtGen:Pythia 6 codes in decay files will be converted to Pythia 8 codes
EvtGen:Using EvtGen random engine for Pythia 8 as well
EvtGen:Creating generic Pythia generator

 PYTHIA Error: settings file /Index.xml not found
 PYTHIA Abort from Pythia::Pythia: settings unavailable  
EvtGen:Creating alias Pythia generator

 PYTHIA Error: settings file /Index.xml not found
 PYTHIA Abort from Pythia::Pythia: settings unavailable  
EvtGen:Defining EvtTauolaEngine.
EvtGen:Setting up TAUOLA.
EvtGen:Using EvtGen random number engine also for Tauola++

 *************************************
 *     TAUOLA C++ Interface v1.1.4   *
 *-----------------------------------*
 *                                   *
 *   (c) Nadia    Davidson,   (1,2)  *
 *       Gizo     Nanava,     (3)    *
 *       Tomasz   Przedzinski,(4)    *
 *       Elzbieta Richter-Was,(2,4)  *
 *       Zbigniew Was         (2,5)  *
 *                                   *
 *  1) Unimelb, Melbourne, Australia *
 *  2)     INP, Krakow, Poland       *
 *  3) University Bonn, Germany      *
 *  4)      UJ, Krakow, Poland       *
 *  5)    CERN, Geneva, Switzerland  *
 *************************************
Reading SANC input files.
File 'table1-1.txt'  missing... skipped.
File 'table2-2.txt'  missing... skipped.
File 'table11-11.txt' missing... skipped.

EvtGen:Initializing EvtGen
EvtGen:Storing known decay models
EvtGen:Defining EvtBcToNPi model: Bc -> V + npi and Bc -> P + npi decays
from A.V. Berezhnoy, A.K. Likhoded, A.V. Luchinsky: Phys.Rev.D 82, 014012 (2010) and arXiV:1104.0808.
EvtGen:Main decay file name  :/home/carolinda/alice/sw/ubuntu2004_x86-64/AliRoot/master-1/TEvtGen/EvtGen/DECAY.DEC
EvtGen:PDT table file name   :/home/carolinda/alice/sw/ubuntu2004_x86-64/AliRoot/master-1/TEvtGen/EvtGen/evt.pdl
EvtGen:In readDecayFile, reading:/home/carolinda/alice/sw/ubuntu2004_x86-64/AliRoot/master-1/TEvtGen/EvtGen/DECAY.DEC
EvtGen:Warning, sum of branching fractions for omega is 0.993689
EvtGen:rescaled to one! 
EvtGen:Warning, sum of branching fractions for phi is 0.998736
EvtGen:rescaled to one! 
EvtGen:Warning, sum of branching fractions for f_2 is 0.999016
EvtGen:rescaled to one! 
EvtGen:Warning, sum of branching fractions for chi_c1 is 0.995996
EvtGen:rescaled to one! 
EvtGen:Warning, sum of branching fractions for Upsilon(2S) is 0.9921
EvtGen:rescaled to one! 
EvtGen:Warning, sum of branching fractions for Upsilon(3S) is 0.99911
EvtGen:rescaled to one! 
EvtGen:Mixing type integer set to 1
EvtGen:Done initializing EvtGen
-rw-rw-r-- 1 carolinda carolinda 65 nov 20 06:19 /home/carolinda/Scaricati/na60plus/na60fastsim/files/decaytables/USERTABLAM.DEC
EvtGen:In readDecayFile, reading:/home/carolinda/Scaricati/na60plus/na60fastsim/files/decaytables/USERTABLAM.DEC
EvtGen:Redefined decay of Lambda0
-- Use  decay table from file /home/carolinda/Scaricati/na60plus/na60fastsim/files/decaytables/USERTABLAM.DEC
EvtGen:In readDecayFile, reading:/home/carolinda/Scaricati/na60plus/na60fastsim/files/decaytables/USERTABLAM.DEC
EvtGen:Redefined decay of Lambda0
 ***************  ev = 0 
fNChPi=895.970585 ntrPi=913.000000
fNChK=122.178871 ntrK=125.000000
fNChP=91.244961 ntrP=99.000000
fNChPi=895.970585 ntrPi=921.000000
fNChK=122.178871 ntrK=127.000000
fNChP=91.244961 ntrP=89.000000
fNChPi=895.970585 ntrPi=854.000000
fNChK=122.178871 ntrK=110.000000
fNChP=91.244961 ntrP=86.000000
fNChPi=895.970585 ntrPi=891.000000
fNChK=122.178871 ntrK=114.000000
fNChP=91.244961 ntrP=94.000000
fNChPi=895.970585 ntrPi=912.000000
fNChK=122.178871 ntrK=127.000000
fNChP=91.244961 ntrP=78.000000
fNChPi=895.970585 ntrPi=949.000000
fNChK=122.178871 ntrK=119.000000
fNChP=91.244961 ntrP=92.000000
fNChPi=895.970585 ntrPi=908.000000
fNChK=122.178871 ntrK=121.000000
fNChP=91.244961 ntrP=96.000000
fNChPi=895.970585 ntrPi=858.000000
fNChK=122.178871 ntrK=118.000000
fNChP=91.244961 ntrP=91.000000
fNChPi=895.970585 ntrPi=887.000000
fNChK=122.178871 ntrK=116.000000
fNChP=91.244961 ntrP=102.000000
fNChPi=895.970585 ntrPi=880.000000
fNChK=122.178871 ntrK=116.000000
fNChP=91.244961 ntrP=79.000000
 ***************  ev = 10000 
fNChPi=895.970585 ntrPi=896.000000
fNChK=122.178871 ntrK=123.000000
fNChP=91.244961 ntrP=86.000000
fNChPi=895.970585 ntrPi=862.000000
fNChK=122.178871 ntrK=129.000000
fNChP=91.244961 ntrP=97.000000
fNChPi=895.970585 ntrPi=872.000000
fNChK=122.178871 ntrK=111.000000
fNChP=91.244961 ntrP=93.000000
fNChPi=895.970585 ntrPi=898.000000
fNChK=122.178871 ntrK=132.000000
fNChP=91.244961 ntrP=99.000000
fNChPi=895.970585 ntrPi=935.000000
fNChK=122.178871 ntrK=95.000000
fNChP=91.244961 ntrP=115.000000
fNChPi=895.970585 ntrPi=904.000000
fNChK=122.178871 ntrK=117.000000
fNChP=91.244961 ntrP=93.000000
fNChPi=895.970585 ntrPi=872.000000
fNChK=122.178871 ntrK=120.000000
fNChP=91.244961 ntrP=90.000000
fNChPi=895.970585 ntrPi=899.000000
fNChK=122.178871 ntrK=131.000000
fNChP=91.244961 ntrP=88.000000
fNChPi=895.970585 ntrPi=892.000000
fNChK=122.178871 ntrK=133.000000
fNChP=91.244961 ntrP=107.000000
fNChPi=895.970585 ntrPi=918.000000
fNChK=122.178871 ntrK=137.000000
fNChP=91.244961 ntrP=82.000000
 ***************  ev = 20000 
fNChPi=895.970585 ntrPi=936.000000
fNChK=122.178871 ntrK=111.000000
fNChP=91.244961 ntrP=80.000000
fNChPi=895.970585 ntrPi=920.000000
fNChK=122.178871 ntrK=108.000000
fNChP=91.244961 ntrP=92.000000
fNChPi=895.970585 ntrPi=885.000000
fNChK=122.178871 ntrK=118.000000
fNChP=91.244961 ntrP=111.000000
fNChPi=895.970585 ntrPi=928.000000
fNChK=122.178871 ntrK=114.000000
fNChP=91.244961 ntrP=83.000000
fNChPi=895.970585 ntrPi=874.000000
fNChK=122.178871 ntrK=136.000000
fNChP=91.244961 ntrP=87.000000
fNChPi=895.970585 ntrPi=839.000000
fNChK=122.178871 ntrK=107.000000
fNChP=91.244961 ntrP=88.000000
fNChPi=895.970585 ntrPi=876.000000
fNChK=122.178871 ntrK=105.000000
fNChP=91.244961 ntrP=86.000000
fNChPi=895.970585 ntrPi=938.000000
fNChK=122.178871 ntrK=111.000000
fNChP=91.244961 ntrP=95.000000
fNChPi=895.970585 ntrPi=903.000000
fNChK=122.178871 ntrK=126.000000
fNChP=91.244961 ntrP=103.000000
fNChPi=895.970585 ntrPi=931.000000
fNChK=122.178871 ntrK=128.000000
fNChP=91.244961 ntrP=92.000000
 ***************  ev = 30000 
fNChPi=895.970585 ntrPi=860.000000
fNChK=122.178871 ntrK=111.000000
fNChP=91.244961 ntrP=89.000000
fNChPi=895.970585 ntrPi=868.000000
fNChK=122.178871 ntrK=116.000000
fNChP=91.244961 ntrP=99.000000
fNChPi=895.970585 ntrPi=889.000000
fNChK=122.178871 ntrK=113.000000
fNChP=91.244961 ntrP=86.000000
fNChPi=895.970585 ntrPi=878.000000
fNChK=122.178871 ntrK=140.000000
fNChP=91.244961 ntrP=75.000000
fNChPi=895.970585 ntrPi=883.000000
fNChK=122.178871 ntrK=114.000000
fNChP=91.244961 ntrP=67.000000
fNChPi=895.970585 ntrPi=921.000000
fNChK=122.178871 ntrK=111.000000
fNChP=91.244961 ntrP=86.000000
fNChPi=895.970585 ntrPi=861.000000
fNChK=122.178871 ntrK=127.000000
fNChP=91.244961 ntrP=98.000000
fNChPi=895.970585 ntrPi=924.000000
fNChK=122.178871 ntrK=138.000000
fNChP=91.244961 ntrP=75.000000
fNChPi=895.970585 ntrPi=867.000000
fNChK=122.178871 ntrK=114.000000
fNChP=91.244961 ntrP=110.000000
fNChPi=895.970585 ntrPi=891.000000
fNChK=122.178871 ntrK=131.000000
fNChP=91.244961 ntrP=78.000000
 ***************  ev = 40000 
fNChPi=895.970585 ntrPi=865.000000
fNChK=122.178871 ntrK=129.000000
fNChP=91.244961 ntrP=93.000000
fNChPi=895.970585 ntrPi=950.000000
fNChK=122.178871 ntrK=127.000000
fNChP=91.244961 ntrP=88.000000
fNChPi=895.970585 ntrPi=891.000000
fNChK=122.178871 ntrK=145.000000
fNChP=91.244961 ntrP=85.000000
fNChPi=895.970585 ntrPi=895.000000
fNChK=122.178871 ntrK=121.000000
fNChP=91.244961 ntrP=95.000000
fNChPi=895.970585 ntrPi=905.000000
fNChK=122.178871 ntrK=148.000000
fNChP=91.244961 ntrP=96.000000
fNChPi=895.970585 ntrPi=913.000000
fNChK=122.178871 ntrK=129.000000
fNChP=91.244961 ntrP=95.000000
fNChPi=895.970585 ntrPi=884.000000
fNChK=122.178871 ntrK=116.000000
fNChP=91.244961 ntrP=105.000000
fNChPi=895.970585 ntrPi=833.000000
fNChK=122.178871 ntrK=131.000000
fNChP=91.244961 ntrP=88.000000
fNChPi=895.970585 ntrPi=908.000000
fNChK=122.178871 ntrK=132.000000
fNChP=91.244961 ntrP=92.000000
fNChPi=895.970585 ntrPi=908.000000
fNChK=122.178871 ntrK=125.000000
fNChP=91.244961 ntrP=89.000000
 ***************  ev = 50000 
fNChPi=895.970585 ntrPi=913.000000
fNChK=122.178871 ntrK=148.000000
fNChP=91.244961 ntrP=88.000000
fNChPi=895.970585 ntrPi=914.000000
fNChK=122.178871 ntrK=117.000000
fNChP=91.244961 ntrP=83.000000
fNChPi=895.970585 ntrPi=918.000000
fNChK=122.178871 ntrK=124.000000
fNChP=91.244961 ntrP=69.000000
fNChPi=895.970585 ntrPi=958.000000
fNChK=122.178871 ntrK=109.000000
fNChP=91.244961 ntrP=89.000000
fNChPi=895.970585 ntrPi=870.000000
fNChK=122.178871 ntrK=117.000000
fNChP=91.244961 ntrP=94.000000
fNChPi=895.970585 ntrPi=824.000000
fNChK=122.178871 ntrK=110.000000
fNChP=91.244961 ntrP=86.000000
fNChPi=895.970585 ntrPi=856.000000
fNChK=122.178871 ntrK=113.000000
fNChP=91.244961 ntrP=88.000000
fNChPi=895.970585 ntrPi=954.000000
fNChK=122.178871 ntrK=141.000000
fNChP=91.244961 ntrP=84.000000
fNChPi=895.970585 ntrPi=900.000000
fNChK=122.178871 ntrK=104.000000
fNChP=91.244961 ntrP=85.000000
fNChPi=895.970585 ntrPi=885.000000
fNChK=122.178871 ntrK=114.000000
fNChP=91.244961 ntrP=87.000000
 ***************  ev = 60000 
fNChPi=895.970585 ntrPi=935.000000
fNChK=122.178871 ntrK=111.000000
fNChP=91.244961 ntrP=84.000000
fNChPi=895.970585 ntrPi=883.000000
fNChK=122.178871 ntrK=113.000000
fNChP=91.244961 ntrP=95.000000
fNChPi=895.970585 ntrPi=858.000000
fNChK=122.178871 ntrK=113.000000
fNChP=91.244961 ntrP=96.000000
fNChPi=895.970585 ntrPi=911.000000
fNChK=122.178871 ntrK=112.000000
fNChP=91.244961 ntrP=105.000000
fNChPi=895.970585 ntrPi=953.000000
fNChK=122.178871 ntrK=118.000000
fNChP=91.244961 ntrP=85.000000
fNChPi=895.970585 ntrPi=943.000000
fNChK=122.178871 ntrK=128.000000
fNChP=91.244961 ntrP=86.000000
fNChPi=895.970585 ntrPi=915.000000
fNChK=122.178871 ntrK=100.000000
fNChP=91.244961 ntrP=81.000000
fNChPi=895.970585 ntrPi=898.000000
fNChK=122.178871 ntrK=115.000000
fNChP=91.244961 ntrP=116.000000
fNChPi=895.970585 ntrPi=909.000000
fNChK=122.178871 ntrK=153.000000
fNChP=91.244961 ntrP=93.000000
fNChPi=895.970585 ntrPi=924.000000
fNChK=122.178871 ntrK=120.000000
fNChP=91.244961 ntrP=100.000000
 ***************  ev = 70000 
fNChPi=895.970585 ntrPi=931.000000
fNChK=122.178871 ntrK=116.000000
fNChP=91.244961 ntrP=84.000000
fNChPi=895.970585 ntrPi=915.000000
fNChK=122.178871 ntrK=127.000000
fNChP=91.244961 ntrP=96.000000
fNChPi=895.970585 ntrPi=902.000000
fNChK=122.178871 ntrK=125.000000
fNChP=91.244961 ntrP=99.000000
fNChPi=895.970585 ntrPi=894.000000
fNChK=122.178871 ntrK=124.000000
fNChP=91.244961 ntrP=87.000000
fNChPi=895.970585 ntrPi=892.000000
fNChK=122.178871 ntrK=106.000000
fNChP=91.244961 ntrP=81.000000
fNChPi=895.970585 ntrPi=983.000000
fNChK=122.178871 ntrK=118.000000
fNChP=91.244961 ntrP=119.000000
fNChPi=895.970585 ntrPi=871.000000
fNChK=122.178871 ntrK=126.000000
fNChP=91.244961 ntrP=79.000000
fNChPi=895.970585 ntrPi=956.000000
fNChK=122.178871 ntrK=127.000000
fNChP=91.244961 ntrP=97.000000
fNChPi=895.970585 ntrPi=971.000000
fNChK=122.178871 ntrK=107.000000
fNChP=91.244961 ntrP=78.000000
fNChPi=895.970585 ntrPi=883.000000
fNChK=122.178871 ntrK=105.000000
fNChP=91.244961 ntrP=91.000000
 ***************  ev = 80000 
fNChPi=895.970585 ntrPi=876.000000
fNChK=122.178871 ntrK=118.000000
fNChP=91.244961 ntrP=94.000000
fNChPi=895.970585 ntrPi=884.000000
fNChK=122.178871 ntrK=144.000000
fNChP=91.244961 ntrP=93.000000
fNChPi=895.970585 ntrPi=916.000000
fNChK=122.178871 ntrK=130.000000
fNChP=91.244961 ntrP=93.000000
fNChPi=895.970585 ntrPi=882.000000
fNChK=122.178871 ntrK=116.000000
fNChP=91.244961 ntrP=91.000000
fNChPi=895.970585 ntrPi=897.000000
fNChK=122.178871 ntrK=115.000000
fNChP=91.244961 ntrP=89.000000
fNChPi=895.970585 ntrPi=882.000000
fNChK=122.178871 ntrK=136.000000
fNChP=91.244961 ntrP=75.000000
fNChPi=895.970585 ntrPi=883.000000
fNChK=122.178871 ntrK=126.000000
fNChP=91.244961 ntrP=95.000000
fNChPi=895.970585 ntrPi=923.000000
fNChK=122.178871 ntrK=114.000000
fNChP=91.244961 ntrP=109.000000
fNChPi=895.970585 ntrPi=862.000000
fNChK=122.178871 ntrK=116.000000
fNChP=91.244961 ntrP=87.000000
fNChPi=895.970585 ntrPi=922.000000
fNChK=122.178871 ntrK=119.000000
fNChP=91.244961 ntrP=85.000000
 ***************  ev = 90000 
fNChPi=895.970585 ntrPi=905.000000
fNChK=122.178871 ntrK=118.000000
fNChP=91.244961 ntrP=106.000000
fNChPi=895.970585 ntrPi=899.000000
fNChK=122.178871 ntrK=124.000000
fNChP=91.244961 ntrP=97.000000
fNChPi=895.970585 ntrPi=898.000000
fNChK=122.178871 ntrK=128.000000
fNChP=91.244961 ntrP=97.000000
fNChPi=895.970585 ntrPi=856.000000
fNChK=122.178871 ntrK=135.000000
fNChP=91.244961 ntrP=97.000000
fNChPi=895.970585 ntrPi=928.000000
fNChK=122.178871 ntrK=114.000000
fNChP=91.244961 ntrP=87.000000
fNChPi=895.970585 ntrPi=880.000000
fNChK=122.178871 ntrK=122.000000
fNChP=91.244961 ntrP=74.000000
fNChPi=895.970585 ntrPi=909.000000
fNChK=122.178871 ntrK=141.000000
fNChP=91.244961 ntrP=84.000000
fNChPi=895.970585 ntrPi=875.000000
fNChK=122.178871 ntrK=125.000000
fNChP=91.244961 ntrP=89.000000
fNChPi=895.970585 ntrPi=932.000000
fNChK=122.178871 ntrK=116.000000
fNChP=91.244961 ntrP=90.000000
fNChPi=895.970585 ntrPi=868.000000
fNChK=122.178871 ntrK=102.000000
fNChP=91.244961 ntrP=103.000000
 ***************  ev = 100000 
fNChPi=895.970585 ntrPi=950.000000
fNChK=122.178871 ntrK=126.000000
fNChP=91.244961 ntrP=94.000000
fNChPi=895.970585 ntrPi=911.000000
fNChK=122.178871 ntrK=118.000000
fNChP=91.244961 ntrP=83.000000
fNChPi=895.970585 ntrPi=902.000000
fNChK=122.178871 ntrK=117.000000
fNChP=91.244961 ntrP=87.000000
fNChPi=895.970585 ntrPi=879.000000
fNChK=122.178871 ntrK=120.000000
fNChP=91.244961 ntrP=107.000000
fNChPi=895.970585 ntrPi=884.000000
fNChK=122.178871 ntrK=115.000000
fNChP=91.244961 ntrP=99.000000
fNChPi=895.970585 ntrPi=917.000000
fNChK=122.178871 ntrK=120.000000
fNChP=91.244961 ntrP=92.000000
fNChPi=895.970585 ntrPi=915.000000
fNChK=122.178871 ntrK=133.000000
fNChP=91.244961 ntrP=94.000000
fNChPi=895.970585 ntrPi=874.000000
fNChK=122.178871 ntrK=114.000000
fNChP=91.244961 ntrP=88.000000
fNChPi=895.970585 ntrPi=874.000000
fNChK=122.178871 ntrK=134.000000
fNChP=91.244961 ntrP=83.000000
fNChPi=895.970585 ntrPi=868.000000
fNChK=122.178871 ntrK=115.000000
fNChP=91.244961 ntrP=85.000000
 ***************  ev = 110000 
fNChPi=895.970585 ntrPi=896.000000
fNChK=122.178871 ntrK=140.000000
fNChP=91.244961 ntrP=86.000000
fNChPi=895.970585 ntrPi=910.000000
fNChK=122.178871 ntrK=138.000000
fNChP=91.244961 ntrP=91.000000
fNChPi=895.970585 ntrPi=907.000000
fNChK=122.178871 ntrK=141.000000
fNChP=91.244961 ntrP=82.000000
fNChPi=895.970585 ntrPi=897.000000
fNChK=122.178871 ntrK=121.000000
fNChP=91.244961 ntrP=97.000000
fNChPi=895.970585 ntrPi=882.000000
fNChK=122.178871 ntrK=120.000000
fNChP=91.244961 ntrP=106.000000
fNChPi=895.970585 ntrPi=914.000000
fNChK=122.178871 ntrK=126.000000
fNChP=91.244961 ntrP=94.000000
fNChPi=895.970585 ntrPi=887.000000
fNChK=122.178871 ntrK=142.000000
fNChP=91.244961 ntrP=89.000000
fNChPi=895.970585 ntrPi=894.000000
fNChK=122.178871 ntrK=107.000000
fNChP=91.244961 ntrP=89.000000
fNChPi=895.970585 ntrPi=868.000000
fNChK=122.178871 ntrK=129.000000
fNChP=91.244961 ntrP=92.000000
fNChPi=895.970585 ntrPi=901.000000
fNChK=122.178871 ntrK=128.000000
fNChP=91.244961 ntrP=85.000000
 ***************  ev = 120000 
fNChPi=895.970585 ntrPi=931.000000
fNChK=122.178871 ntrK=96.000000
fNChP=91.244961 ntrP=79.000000
fNChPi=895.970585 ntrPi=871.000000
fNChK=122.178871 ntrK=130.000000
fNChP=91.244961 ntrP=107.000000
fNChPi=895.970585 ntrPi=918.000000
fNChK=122.178871 ntrK=132.000000
fNChP=91.244961 ntrP=92.000000
fNChPi=895.970585 ntrPi=869.000000
fNChK=122.178871 ntrK=147.000000
fNChP=91.244961 ntrP=117.000000
fNChPi=895.970585 ntrPi=908.000000
fNChK=122.178871 ntrK=124.000000
fNChP=91.244961 ntrP=101.000000
fNChPi=895.970585 ntrPi=981.000000
fNChK=122.178871 ntrK=116.000000
fNChP=91.244961 ntrP=76.000000
fNChPi=895.970585 ntrPi=892.000000
fNChK=122.178871 ntrK=111.000000
fNChP=91.244961 ntrP=105.000000
fNChPi=895.970585 ntrPi=865.000000
fNChK=122.178871 ntrK=143.000000
fNChP=91.244961 ntrP=95.000000
fNChPi=895.970585 ntrPi=871.000000
fNChK=122.178871 ntrK=115.000000
fNChP=91.244961 ntrP=89.000000
fNChPi=895.970585 ntrPi=904.000000
fNChK=122.178871 ntrK=131.000000
fNChP=91.244961 ntrP=114.000000
 ***************  ev = 130000 
fNChPi=895.970585 ntrPi=916.000000
fNChK=122.178871 ntrK=130.000000
fNChP=91.244961 ntrP=89.000000
fNChPi=895.970585 ntrPi=903.000000
fNChK=122.178871 ntrK=104.000000
fNChP=91.244961 ntrP=79.000000
fNChPi=895.970585 ntrPi=915.000000
fNChK=122.178871 ntrK=132.000000
fNChP=91.244961 ntrP=82.000000
fNChPi=895.970585 ntrPi=914.000000
fNChK=122.178871 ntrK=121.000000
fNChP=91.244961 ntrP=86.000000
fNChPi=895.970585 ntrPi=864.000000
fNChK=122.178871 ntrK=124.000000
fNChP=91.244961 ntrP=110.000000
fNChPi=895.970585 ntrPi=840.000000
fNChK=122.178871 ntrK=137.000000
fNChP=91.244961 ntrP=99.000000
fNChPi=895.970585 ntrPi=894.000000
fNChK=122.178871 ntrK=131.000000
fNChP=91.244961 ntrP=90.000000
fNChPi=895.970585 ntrPi=906.000000
fNChK=122.178871 ntrK=117.000000
fNChP=91.244961 ntrP=91.000000
fNChPi=895.970585 ntrPi=848.000000
fNChK=122.178871 ntrK=138.000000
fNChP=91.244961 ntrP=84.000000
fNChPi=895.970585 ntrPi=930.000000
fNChK=122.178871 ntrK=114.000000
fNChP=91.244961 ntrP=77.000000
 ***************  ev = 140000 
fNChPi=895.970585 ntrPi=912.000000
fNChK=122.178871 ntrK=106.000000
fNChP=91.244961 ntrP=90.000000
fNChPi=895.970585 ntrPi=921.000000
fNChK=122.178871 ntrK=138.000000
fNChP=91.244961 ntrP=101.000000
fNChPi=895.970585 ntrPi=881.000000
fNChK=122.178871 ntrK=132.000000
fNChP=91.244961 ntrP=77.000000
fNChPi=895.970585 ntrPi=896.000000
fNChK=122.178871 ntrK=125.000000
fNChP=91.244961 ntrP=91.000000
fNChPi=895.970585 ntrPi=868.000000
fNChK=122.178871 ntrK=113.000000
fNChP=91.244961 ntrP=84.000000
fNChPi=895.970585 ntrPi=900.000000
fNChK=122.178871 ntrK=135.000000
fNChP=91.244961 ntrP=105.000000
fNChPi=895.970585 ntrPi=959.000000
fNChK=122.178871 ntrK=105.000000
fNChP=91.244961 ntrP=103.000000
fNChPi=895.970585 ntrPi=882.000000
fNChK=122.178871 ntrK=124.000000
fNChP=91.244961 ntrP=96.000000
fNChPi=895.970585 ntrPi=901.000000
fNChK=122.178871 ntrK=120.000000
fNChP=91.244961 ntrP=78.000000
fNChPi=895.970585 ntrPi=940.000000
fNChK=122.178871 ntrK=133.000000
fNChP=91.244961 ntrP=91.000000
 ***************  ev = 150000 
fNChPi=895.970585 ntrPi=861.000000
fNChK=122.178871 ntrK=119.000000
fNChP=91.244961 ntrP=94.000000
fNChPi=895.970585 ntrPi=880.000000
fNChK=122.178871 ntrK=149.000000
fNChP=91.244961 ntrP=96.000000
fNChPi=895.970585 ntrPi=882.000000
fNChK=122.178871 ntrK=133.000000
fNChP=91.244961 ntrP=92.000000
fNChPi=895.970585 ntrPi=917.000000
fNChK=122.178871 ntrK=117.000000
fNChP=91.244961 ntrP=84.000000
fNChPi=895.970585 ntrPi=885.000000
fNChK=122.178871 ntrK=131.000000
fNChP=91.244961 ntrP=83.000000
fNChPi=895.970585 ntrPi=856.000000
fNChK=122.178871 ntrK=115.000000
fNChP=91.244961 ntrP=74.000000
fNChPi=895.970585 ntrPi=919.000000
fNChK=122.178871 ntrK=131.000000
fNChP=91.244961 ntrP=91.000000
fNChPi=895.970585 ntrPi=850.000000
fNChK=122.178871 ntrK=130.000000
fNChP=91.244961 ntrP=91.000000
fNChPi=895.970585 ntrPi=870.000000
fNChK=122.178871 ntrK=124.000000
fNChP=91.244961 ntrP=97.000000
fNChPi=895.970585 ntrPi=988.000000
fNChK=122.178871 ntrK=108.000000
fNChP=91.244961 ntrP=90.000000
 ***************  ev = 160000 
fNChPi=895.970585 ntrPi=880.000000
fNChK=122.178871 ntrK=139.000000
fNChP=91.244961 ntrP=90.000000
fNChPi=895.970585 ntrPi=932.000000
fNChK=122.178871 ntrK=135.000000
fNChP=91.244961 ntrP=112.000000
fNChPi=895.970585 ntrPi=878.000000
fNChK=122.178871 ntrK=114.000000
fNChP=91.244961 ntrP=109.000000
fNChPi=895.970585 ntrPi=891.000000
fNChK=122.178871 ntrK=144.000000
fNChP=91.244961 ntrP=90.000000
fNChPi=895.970585 ntrPi=866.000000
fNChK=122.178871 ntrK=143.000000
fNChP=91.244961 ntrP=87.000000
fNChPi=895.970585 ntrPi=863.000000
fNChK=122.178871 ntrK=118.000000
fNChP=91.244961 ntrP=98.000000
fNChPi=895.970585 ntrPi=892.000000
fNChK=122.178871 ntrK=122.000000
fNChP=91.244961 ntrP=85.000000
fNChPi=895.970585 ntrPi=878.000000
fNChK=122.178871 ntrK=106.000000
fNChP=91.244961 ntrP=95.000000
fNChPi=895.970585 ntrPi=953.000000
fNChK=122.178871 ntrK=101.000000
fNChP=91.244961 ntrP=99.000000
fNChPi=895.970585 ntrPi=894.000000
fNChK=122.178871 ntrK=125.000000
fNChP=91.244961 ntrP=106.000000
 ***************  ev = 170000 
fNChPi=895.970585 ntrPi=853.000000
fNChK=122.178871 ntrK=111.000000
fNChP=91.244961 ntrP=99.000000
fNChPi=895.970585 ntrPi=861.000000
fNChK=122.178871 ntrK=108.000000
fNChP=91.244961 ntrP=80.000000
fNChPi=895.970585 ntrPi=852.000000
fNChK=122.178871 ntrK=119.000000
fNChP=91.244961 ntrP=72.000000
fNChPi=895.970585 ntrPi=906.000000
fNChK=122.178871 ntrK=137.000000
fNChP=91.244961 ntrP=88.000000
fNChPi=895.970585 ntrPi=886.000000
fNChK=122.178871 ntrK=135.000000
fNChP=91.244961 ntrP=92.000000
fNChPi=895.970585 ntrPi=875.000000
fNChK=122.178871 ntrK=140.000000
fNChP=91.244961 ntrP=96.000000
fNChPi=895.970585 ntrPi=860.000000
fNChK=122.178871 ntrK=130.000000
fNChP=91.244961 ntrP=86.000000
fNChPi=895.970585 ntrPi=908.000000
fNChK=122.178871 ntrK=112.000000
fNChP=91.244961 ntrP=99.000000
fNChPi=895.970585 ntrPi=942.000000
fNChK=122.178871 ntrK=116.000000
fNChP=91.244961 ntrP=84.000000
fNChPi=895.970585 ntrPi=907.000000
fNChK=122.178871 ntrK=120.000000
fNChP=91.244961 ntrP=105.000000
 ***************  ev = 180000 
fNChPi=895.970585 ntrPi=858.000000
fNChK=122.178871 ntrK=139.000000
fNChP=91.244961 ntrP=87.000000
fNChPi=895.970585 ntrPi=872.000000
fNChK=122.178871 ntrK=131.000000
fNChP=91.244961 ntrP=82.000000
fNChPi=895.970585 ntrPi=885.000000
fNChK=122.178871 ntrK=93.000000
fNChP=91.244961 ntrP=98.000000
fNChPi=895.970585 ntrPi=917.000000
fNChK=122.178871 ntrK=119.000000
fNChP=91.244961 ntrP=79.000000
fNChPi=895.970585 ntrPi=960.000000
fNChK=122.178871 ntrK=132.000000
fNChP=91.244961 ntrP=102.000000
fNChPi=895.970585 ntrPi=871.000000
fNChK=122.178871 ntrK=116.000000
fNChP=91.244961 ntrP=93.000000
fNChPi=895.970585 ntrPi=954.000000
fNChK=122.178871 ntrK=118.000000
fNChP=91.244961 ntrP=79.000000
fNChPi=895.970585 ntrPi=920.000000
fNChK=122.178871 ntrK=102.000000
fNChP=91.244961 ntrP=77.000000
fNChPi=895.970585 ntrPi=883.000000
fNChK=122.178871 ntrK=131.000000
fNChP=91.244961 ntrP=100.000000
fNChPi=895.970585 ntrPi=936.000000
fNChK=122.178871 ntrK=124.000000
fNChP=91.244961 ntrP=99.000000
 ***************  ev = 190000 
fNChPi=895.970585 ntrPi=901.000000
fNChK=122.178871 ntrK=106.000000
fNChP=91.244961 ntrP=86.000000
fNChPi=895.970585 ntrPi=917.000000
fNChK=122.178871 ntrK=136.000000
fNChP=91.244961 ntrP=87.000000
fNChPi=895.970585 ntrPi=867.000000
fNChK=122.178871 ntrK=122.000000
fNChP=91.244961 ntrP=97.000000
fNChPi=895.970585 ntrPi=857.000000
fNChK=122.178871 ntrK=115.000000
fNChP=91.244961 ntrP=87.000000
fNChPi=895.970585 ntrPi=899.000000
fNChK=122.178871 ntrK=120.000000
fNChP=91.244961 ntrP=103.000000
fNChPi=895.970585 ntrPi=886.000000
fNChK=122.178871 ntrK=117.000000
fNChP=91.244961 ntrP=87.000000
fNChPi=895.970585 ntrPi=867.000000
fNChK=122.178871 ntrK=126.000000
fNChP=91.244961 ntrP=80.000000
fNChPi=895.970585 ntrPi=951.000000
fNChK=122.178871 ntrK=117.000000
fNChP=91.244961 ntrP=94.000000
fNChPi=895.970585 ntrPi=898.000000
fNChK=122.178871 ntrK=114.000000
fNChP=91.244961 ntrP=97.000000
fNChPi=895.970585 ntrPi=937.000000
fNChK=122.178871 ntrK=101.000000
fNChP=91.244961 ntrP=99.000000
 ***************  ev = 200000 
fNChPi=895.970585 ntrPi=899.000000
fNChK=122.178871 ntrK=120.000000
fNChP=91.244961 ntrP=77.000000
fNChPi=895.970585 ntrPi=913.000000
fNChK=122.178871 ntrK=124.000000
fNChP=91.244961 ntrP=94.000000
fNChPi=895.970585 ntrPi=931.000000
fNChK=122.178871 ntrK=115.000000
fNChP=91.244961 ntrP=94.000000
fNChPi=895.970585 ntrPi=911.000000
fNChK=122.178871 ntrK=121.000000
fNChP=91.244961 ntrP=84.000000
fNChPi=895.970585 ntrPi=936.000000
fNChK=122.178871 ntrK=116.000000
fNChP=91.244961 ntrP=97.000000
fNChPi=895.970585 ntrPi=907.000000
fNChK=122.178871 ntrK=123.000000
fNChP=91.244961 ntrP=98.000000
fNChPi=895.970585 ntrPi=920.000000
fNChK=122.178871 ntrK=135.000000
fNChP=91.244961 ntrP=91.000000
fNChPi=895.970585 ntrPi=901.000000
fNChK=122.178871 ntrK=136.000000
fNChP=91.244961 ntrP=87.000000
fNChPi=895.970585 ntrPi=882.000000
fNChK=122.178871 ntrK=98.000000
fNChP=91.244961 ntrP=103.000000
fNChPi=895.970585 ntrPi=895.000000
fNChK=122.178871 ntrK=128.000000
fNChP=91.244961 ntrP=84.000000
 ***************  ev = 210000 
fNChPi=895.970585 ntrPi=863.000000
fNChK=122.178871 ntrK=134.000000
fNChP=91.244961 ntrP=86.000000
fNChPi=895.970585 ntrPi=867.000000
fNChK=122.178871 ntrK=133.000000
fNChP=91.244961 ntrP=105.000000
fNChPi=895.970585 ntrPi=884.000000
fNChK=122.178871 ntrK=119.000000
fNChP=91.244961 ntrP=94.000000
fNChPi=895.970585 ntrPi=924.000000
fNChK=122.178871 ntrK=130.000000
fNChP=91.244961 ntrP=92.000000
fNChPi=895.970585 ntrPi=862.000000
fNChK=122.178871 ntrK=131.000000
fNChP=91.244961 ntrP=112.000000
fNChPi=895.970585 ntrPi=953.000000
fNChK=122.178871 ntrK=106.000000
fNChP=91.244961 ntrP=83.000000
fNChPi=895.970585 ntrPi=914.000000
fNChK=122.178871 ntrK=113.000000
fNChP=91.244961 ntrP=93.000000
fNChPi=895.970585 ntrPi=872.000000
fNChK=122.178871 ntrK=141.000000
fNChP=91.244961 ntrP=101.000000
fNChPi=895.970585 ntrPi=898.000000
fNChK=122.178871 ntrK=101.000000
fNChP=91.244961 ntrP=82.000000
fNChPi=895.970585 ntrPi=892.000000
fNChK=122.178871 ntrK=120.000000
fNChP=91.244961 ntrP=94.000000
 ***************  ev = 220000 
fNChPi=895.970585 ntrPi=877.000000
fNChK=122.178871 ntrK=115.000000
fNChP=91.244961 ntrP=86.000000
fNChPi=895.970585 ntrPi=886.000000
fNChK=122.178871 ntrK=120.000000
fNChP=91.244961 ntrP=81.000000
fNChPi=895.970585 ntrPi=835.000000
fNChK=122.178871 ntrK=120.000000
fNChP=91.244961 ntrP=101.000000
fNChPi=895.970585 ntrPi=913.000000
fNChK=122.178871 ntrK=120.000000
fNChP=91.244961 ntrP=89.000000
fNChPi=895.970585 ntrPi=913.000000
fNChK=122.178871 ntrK=137.000000
fNChP=91.244961 ntrP=90.000000
fNChPi=895.970585 ntrPi=861.000000
fNChK=122.178871 ntrK=125.000000
fNChP=91.244961 ntrP=95.000000
fNChPi=895.970585 ntrPi=880.000000
fNChK=122.178871 ntrK=137.000000
fNChP=91.244961 ntrP=105.000000
fNChPi=895.970585 ntrPi=887.000000
fNChK=122.178871 ntrK=111.000000
fNChP=91.244961 ntrP=80.000000
fNChPi=895.970585 ntrPi=847.000000
fNChK=122.178871 ntrK=102.000000
fNChP=91.244961 ntrP=97.000000
fNChPi=895.970585 ntrPi=896.000000
fNChK=122.178871 ntrK=113.000000
fNChP=91.244961 ntrP=80.000000
 ***************  ev = 230000 
fNChPi=895.970585 ntrPi=941.000000
fNChK=122.178871 ntrK=121.000000
fNChP=91.244961 ntrP=90.000000
fNChPi=895.970585 ntrPi=872.000000
fNChK=122.178871 ntrK=105.000000
fNChP=91.244961 ntrP=88.000000
fNChPi=895.970585 ntrPi=879.000000
fNChK=122.178871 ntrK=123.000000
fNChP=91.244961 ntrP=87.000000
fNChPi=895.970585 ntrPi=871.000000
fNChK=122.178871 ntrK=127.000000
fNChP=91.244961 ntrP=77.000000
fNChPi=895.970585 ntrPi=850.000000
fNChK=122.178871 ntrK=128.000000
fNChP=91.244961 ntrP=87.000000
fNChPi=895.970585 ntrPi=855.000000
fNChK=122.178871 ntrK=120.000000
fNChP=91.244961 ntrP=87.000000
fNChPi=895.970585 ntrPi=895.000000
fNChK=122.178871 ntrK=99.000000
fNChP=91.244961 ntrP=80.000000
fNChPi=895.970585 ntrPi=878.000000
fNChK=122.178871 ntrK=115.000000
fNChP=91.244961 ntrP=93.000000
fNChPi=895.970585 ntrPi=912.000000
fNChK=122.178871 ntrK=123.000000
fNChP=91.244961 ntrP=81.000000
fNChPi=895.970585 ntrPi=929.000000
fNChK=122.178871 ntrK=98.000000
fNChP=91.244961 ntrP=99.000000
 ***************  ev = 240000 
fNChPi=895.970585 ntrPi=913.000000
fNChK=122.178871 ntrK=137.000000
fNChP=91.244961 ntrP=77.000000
fNChPi=895.970585 ntrPi=913.000000
fNChK=122.178871 ntrK=119.000000
fNChP=91.244961 ntrP=80.000000
fNChPi=895.970585 ntrPi=897.000000
fNChK=122.178871 ntrK=118.000000
fNChP=91.244961 ntrP=74.000000
fNChPi=895.970585 ntrPi=901.000000
fNChK=122.178871 ntrK=125.000000
fNChP=91.244961 ntrP=99.000000
fNChPi=895.970585 ntrPi=841.000000
fNChK=122.178871 ntrK=144.000000
fNChP=91.244961 ntrP=93.000000
fNChPi=895.970585 ntrPi=846.000000
fNChK=122.178871 ntrK=110.000000
fNChP=91.244961 ntrP=93.000000
fNChPi=895.970585 ntrPi=940.000000
fNChK=122.178871 ntrK=134.000000
fNChP=91.244961 ntrP=84.000000
fNChPi=895.970585 ntrPi=937.000000
fNChK=122.178871 ntrK=105.000000
fNChP=91.244961 ntrP=71.000000
fNChPi=895.970585 ntrPi=894.000000
fNChK=122.178871 ntrK=134.000000
fNChP=91.244961 ntrP=84.000000
fNChPi=895.970585 ntrPi=891.000000
fNChK=122.178871 ntrK=111.000000
fNChP=91.244961 ntrP=97.000000
 ***************  ev = 250000 
fNChPi=895.970585 ntrPi=860.000000
fNChK=122.178871 ntrK=126.000000
fNChP=91.244961 ntrP=95.000000
fNChPi=895.970585 ntrPi=912.000000
fNChK=122.178871 ntrK=119.000000
fNChP=91.244961 ntrP=76.000000
fNChPi=895.970585 ntrPi=893.000000
fNChK=122.178871 ntrK=124.000000
fNChP=91.244961 ntrP=79.000000
fNChPi=895.970585 ntrPi=863.000000
fNChK=122.178871 ntrK=122.000000
fNChP=91.244961 ntrP=89.000000
fNChPi=895.970585 ntrPi=868.000000
fNChK=122.178871 ntrK=101.000000
fNChP=91.244961 ntrP=85.000000
fNChPi=895.970585 ntrPi=932.000000
fNChK=122.178871 ntrK=134.000000
fNChP=91.244961 ntrP=98.000000
fNChPi=895.970585 ntrPi=927.000000
fNChK=122.178871 ntrK=127.000000
fNChP=91.244961 ntrP=79.000000
fNChPi=895.970585 ntrPi=926.000000
fNChK=122.178871 ntrK=131.000000
fNChP=91.244961 ntrP=107.000000
fNChPi=895.970585 ntrPi=887.000000
fNChK=122.178871 ntrK=127.000000
fNChP=91.244961 ntrP=92.000000
fNChPi=895.970585 ntrPi=875.000000
fNChK=122.178871 ntrK=132.000000
fNChP=91.244961 ntrP=89.000000
 ***************  ev = 260000 
fNChPi=895.970585 ntrPi=912.000000
fNChK=122.178871 ntrK=117.000000
fNChP=91.244961 ntrP=82.000000
fNChPi=895.970585 ntrPi=887.000000
fNChK=122.178871 ntrK=119.000000
fNChP=91.244961 ntrP=82.000000
fNChPi=895.970585 ntrPi=895.000000
fNChK=122.178871 ntrK=124.000000
fNChP=91.244961 ntrP=92.000000
fNChPi=895.970585 ntrPi=866.000000
fNChK=122.178871 ntrK=124.000000
fNChP=91.244961 ntrP=98.000000
fNChPi=895.970585 ntrPi=886.000000
fNChK=122.178871 ntrK=108.000000
fNChP=91.244961 ntrP=70.000000
fNChPi=895.970585 ntrPi=923.000000
fNChK=122.178871 ntrK=119.000000
fNChP=91.244961 ntrP=107.000000
fNChPi=895.970585 ntrPi=882.000000
fNChK=122.178871 ntrK=135.000000
fNChP=91.244961 ntrP=102.000000
fNChPi=895.970585 ntrPi=893.000000
fNChK=122.178871 ntrK=110.000000
fNChP=91.244961 ntrP=87.000000
fNChPi=895.970585 ntrPi=919.000000
fNChK=122.178871 ntrK=119.000000
fNChP=91.244961 ntrP=102.000000
fNChPi=895.970585 ntrPi=902.000000
fNChK=122.178871 ntrK=118.000000
fNChP=91.244961 ntrP=94.000000
 ***************  ev = 270000 
fNChPi=895.970585 ntrPi=878.000000
fNChK=122.178871 ntrK=115.000000
fNChP=91.244961 ntrP=86.000000
fNChPi=895.970585 ntrPi=915.000000
fNChK=122.178871 ntrK=136.000000
fNChP=91.244961 ntrP=81.000000
fNChPi=895.970585 ntrPi=882.000000
fNChK=122.178871 ntrK=112.000000
fNChP=91.244961 ntrP=84.000000
fNChPi=895.970585 ntrPi=864.000000
fNChK=122.178871 ntrK=138.000000
fNChP=91.244961 ntrP=94.000000
fNChPi=895.970585 ntrPi=888.000000
fNChK=122.178871 ntrK=106.000000
fNChP=91.244961 ntrP=70.000000
fNChPi=895.970585 ntrPi=904.000000
fNChK=122.178871 ntrK=128.000000
fNChP=91.244961 ntrP=101.000000
fNChPi=895.970585 ntrPi=880.000000
fNChK=122.178871 ntrK=100.000000
fNChP=91.244961 ntrP=79.000000
fNChPi=895.970585 ntrPi=897.000000
fNChK=122.178871 ntrK=102.000000
fNChP=91.244961 ntrP=92.000000
fNChPi=895.970585 ntrPi=843.000000
fNChK=122.178871 ntrK=116.000000
fNChP=91.244961 ntrP=87.000000
fNChPi=895.970585 ntrPi=889.000000
fNChK=122.178871 ntrK=136.000000
fNChP=91.244961 ntrP=86.000000
 ***************  ev = 280000 
fNChPi=895.970585 ntrPi=923.000000
fNChK=122.178871 ntrK=108.000000
fNChP=91.244961 ntrP=89.000000
fNChPi=895.970585 ntrPi=857.000000
fNChK=122.178871 ntrK=126.000000
fNChP=91.244961 ntrP=98.000000
fNChPi=895.970585 ntrPi=920.000000
fNChK=122.178871 ntrK=141.000000
fNChP=91.244961 ntrP=71.000000
fNChPi=895.970585 ntrPi=897.000000
fNChK=122.178871 ntrK=109.000000
fNChP=91.244961 ntrP=82.000000
fNChPi=895.970585 ntrPi=872.000000
fNChK=122.178871 ntrK=119.000000
fNChP=91.244961 ntrP=91.000000
fNChPi=895.970585 ntrPi=948.000000
fNChK=122.178871 ntrK=102.000000
fNChP=91.244961 ntrP=94.000000
fNChPi=895.970585 ntrPi=871.000000
fNChK=122.178871 ntrK=129.000000
fNChP=91.244961 ntrP=95.000000
fNChPi=895.970585 ntrPi=866.000000
fNChK=122.178871 ntrK=129.000000
fNChP=91.244961 ntrP=96.000000
fNChPi=895.970585 ntrPi=878.000000
fNChK=122.178871 ntrK=135.000000
fNChP=91.244961 ntrP=100.000000
fNChPi=895.970585 ntrPi=915.000000
fNChK=122.178871 ntrK=142.000000
fNChP=91.244961 ntrP=77.000000
 ***************  ev = 290000 
fNChPi=895.970585 ntrPi=893.000000
fNChK=122.178871 ntrK=102.000000
fNChP=91.244961 ntrP=111.000000
fNChPi=895.970585 ntrPi=909.000000
fNChK=122.178871 ntrK=118.000000
fNChP=91.244961 ntrP=82.000000
fNChPi=895.970585 ntrPi=864.000000
fNChK=122.178871 ntrK=137.000000
fNChP=91.244961 ntrP=84.000000
fNChPi=895.970585 ntrPi=862.000000
fNChK=122.178871 ntrK=127.000000
fNChP=91.244961 ntrP=102.000000
fNChPi=895.970585 ntrPi=833.000000
fNChK=122.178871 ntrK=127.000000
fNChP=91.244961 ntrP=92.000000
fNChPi=895.970585 ntrPi=902.000000
fNChK=122.178871 ntrK=109.000000
fNChP=91.244961 ntrP=94.000000
fNChPi=895.970585 ntrPi=863.000000
fNChK=122.178871 ntrK=118.000000
fNChP=91.244961 ntrP=96.000000
fNChPi=895.970585 ntrPi=893.000000
fNChK=122.178871 ntrK=145.000000
fNChP=91.244961 ntrP=81.000000
fNChPi=895.970585 ntrPi=838.000000
fNChK=122.178871 ntrK=129.000000
fNChP=91.244961 ntrP=91.000000
fNChPi=895.970585 ntrPi=941.000000
fNChK=122.178871 ntrK=111.000000
fNChP=91.244961 ntrP=85.000000
 ***************  ev = 300000 
fNChPi=895.970585 ntrPi=887.000000
fNChK=122.178871 ntrK=130.000000
fNChP=91.244961 ntrP=91.000000
fNChPi=895.970585 ntrPi=986.000000
fNChK=122.178871 ntrK=115.000000
fNChP=91.244961 ntrP=77.000000
fNChPi=895.970585 ntrPi=851.000000
fNChK=122.178871 ntrK=126.000000
fNChP=91.244961 ntrP=81.000000
fNChPi=895.970585 ntrPi=963.000000
fNChK=122.178871 ntrK=111.000000
fNChP=91.244961 ntrP=87.000000
fNChPi=895.970585 ntrPi=860.000000
fNChK=122.178871 ntrK=113.000000
fNChP=91.244961 ntrP=102.000000
fNChPi=895.970585 ntrPi=863.000000
fNChK=122.178871 ntrK=112.000000
fNChP=91.244961 ntrP=84.000000
fNChPi=895.970585 ntrPi=925.000000
fNChK=122.178871 ntrK=114.000000
fNChP=91.244961 ntrP=86.000000
fNChPi=895.970585 ntrPi=908.000000
fNChK=122.178871 ntrK=119.000000
fNChP=91.244961 ntrP=111.000000
fNChPi=895.970585 ntrPi=903.000000
fNChK=122.178871 ntrK=114.000000
fNChP=91.244961 ntrP=81.000000
fNChPi=895.970585 ntrPi=850.000000
fNChK=122.178871 ntrK=124.000000
fNChP=91.244961 ntrP=90.000000
 ***************  ev = 310000 
fNChPi=895.970585 ntrPi=856.000000
fNChK=122.178871 ntrK=128.000000
fNChP=91.244961 ntrP=84.000000
fNChPi=895.970585 ntrPi=895.000000
fNChK=122.178871 ntrK=140.000000
fNChP=91.244961 ntrP=94.000000
fNChPi=895.970585 ntrPi=871.000000
fNChK=122.178871 ntrK=120.000000
fNChP=91.244961 ntrP=108.000000
fNChPi=895.970585 ntrPi=855.000000
fNChK=122.178871 ntrK=114.000000
fNChP=91.244961 ntrP=85.000000
fNChPi=895.970585 ntrPi=864.000000
fNChK=122.178871 ntrK=115.000000
fNChP=91.244961 ntrP=92.000000
fNChPi=895.970585 ntrPi=855.000000
fNChK=122.178871 ntrK=124.000000
fNChP=91.244961 ntrP=74.000000
fNChPi=895.970585 ntrPi=855.000000
fNChK=122.178871 ntrK=113.000000
fNChP=91.244961 ntrP=79.000000
fNChPi=895.970585 ntrPi=886.000000
fNChK=122.178871 ntrK=126.000000
fNChP=91.244961 ntrP=93.000000
fNChPi=895.970585 ntrPi=938.000000
fNChK=122.178871 ntrK=126.000000
fNChP=91.244961 ntrP=98.000000
fNChPi=895.970585 ntrPi=903.000000
fNChK=122.178871 ntrK=115.000000
fNChP=91.244961 ntrP=113.000000
 ***************  ev = 320000 
fNChPi=895.970585 ntrPi=871.000000
fNChK=122.178871 ntrK=120.000000
fNChP=91.244961 ntrP=90.000000
fNChPi=895.970585 ntrPi=943.000000
fNChK=122.178871 ntrK=113.000000
fNChP=91.244961 ntrP=85.000000
fNChPi=895.970585 ntrPi=911.000000
fNChK=122.178871 ntrK=118.000000
fNChP=91.244961 ntrP=94.000000
fNChPi=895.970585 ntrPi=917.000000
fNChK=122.178871 ntrK=134.000000
fNChP=91.244961 ntrP=98.000000
fNChPi=895.970585 ntrPi=897.000000
fNChK=122.178871 ntrK=123.000000
fNChP=91.244961 ntrP=78.000000
fNChPi=895.970585 ntrPi=877.000000
fNChK=122.178871 ntrK=109.000000
fNChP=91.244961 ntrP=90.000000
fNChPi=895.970585 ntrPi=872.000000
fNChK=122.178871 ntrK=96.000000
fNChP=91.244961 ntrP=90.000000
fNChPi=895.970585 ntrPi=856.000000
fNChK=122.178871 ntrK=129.000000
fNChP=91.244961 ntrP=97.000000
fNChPi=895.970585 ntrPi=884.000000
fNChK=122.178871 ntrK=146.000000
fNChP=91.244961 ntrP=100.000000
fNChPi=895.970585 ntrPi=847.000000
fNChK=122.178871 ntrK=126.000000
fNChP=91.244961 ntrP=95.000000
 ***************  ev = 330000 
fNChPi=895.970585 ntrPi=923.000000
fNChK=122.178871 ntrK=126.000000
fNChP=91.244961 ntrP=100.000000
fNChPi=895.970585 ntrPi=870.000000
fNChK=122.178871 ntrK=120.000000
fNChP=91.244961 ntrP=87.000000
fNChPi=895.970585 ntrPi=881.000000
fNChK=122.178871 ntrK=129.000000
fNChP=91.244961 ntrP=95.000000
fNChPi=895.970585 ntrPi=916.000000
fNChK=122.178871 ntrK=126.000000
fNChP=91.244961 ntrP=107.000000
fNChPi=895.970585 ntrPi=860.000000
fNChK=122.178871 ntrK=99.000000
fNChP=91.244961 ntrP=96.000000
fNChPi=895.970585 ntrPi=855.000000
fNChK=122.178871 ntrK=121.000000
fNChP=91.244961 ntrP=87.000000
fNChPi=895.970585 ntrPi=868.000000
fNChK=122.178871 ntrK=131.000000
fNChP=91.244961 ntrP=97.000000
fNChPi=895.970585 ntrPi=864.000000
fNChK=122.178871 ntrK=94.000000
fNChP=91.244961 ntrP=98.000000
fNChPi=895.970585 ntrPi=842.000000
fNChK=122.178871 ntrK=130.000000
fNChP=91.244961 ntrP=97.000000
fNChPi=895.970585 ntrPi=907.000000
fNChK=122.178871 ntrK=119.000000
fNChP=91.244961 ntrP=98.000000
 ***************  ev = 340000 
fNChPi=895.970585 ntrPi=861.000000
fNChK=122.178871 ntrK=110.000000
fNChP=91.244961 ntrP=96.000000
fNChPi=895.970585 ntrPi=893.000000
fNChK=122.178871 ntrK=111.000000
fNChP=91.244961 ntrP=85.000000
fNChPi=895.970585 ntrPi=918.000000
fNChK=122.178871 ntrK=123.000000
fNChP=91.244961 ntrP=70.000000
fNChPi=895.970585 ntrPi=891.000000
fNChK=122.178871 ntrK=114.000000
fNChP=91.244961 ntrP=97.000000
fNChPi=895.970585 ntrPi=886.000000
fNChK=122.178871 ntrK=134.000000
fNChP=91.244961 ntrP=111.000000
fNChPi=895.970585 ntrPi=911.000000
fNChK=122.178871 ntrK=138.000000
fNChP=91.244961 ntrP=87.000000
fNChPi=895.970585 ntrPi=873.000000
fNChK=122.178871 ntrK=126.000000
fNChP=91.244961 ntrP=93.000000
fNChPi=895.970585 ntrPi=904.000000
fNChK=122.178871 ntrK=127.000000
fNChP=91.244961 ntrP=89.000000
fNChPi=895.970585 ntrPi=900.000000
fNChK=122.178871 ntrK=122.000000
fNChP=91.244961 ntrP=96.000000
fNChPi=895.970585 ntrPi=887.000000
fNChK=122.178871 ntrK=126.000000
fNChP=91.244961 ntrP=80.000000
 ***************  ev = 350000 
fNChPi=895.970585 ntrPi=922.000000
fNChK=122.178871 ntrK=104.000000
fNChP=91.244961 ntrP=85.000000
fNChPi=895.970585 ntrPi=894.000000
fNChK=122.178871 ntrK=119.000000
fNChP=91.244961 ntrP=91.000000
fNChPi=895.970585 ntrPi=909.000000
fNChK=122.178871 ntrK=109.000000
fNChP=91.244961 ntrP=80.000000
fNChPi=895.970585 ntrPi=906.000000
fNChK=122.178871 ntrK=107.000000
fNChP=91.244961 ntrP=77.000000
fNChPi=895.970585 ntrPi=912.000000
fNChK=122.178871 ntrK=113.000000
fNChP=91.244961 ntrP=78.000000
fNChPi=895.970585 ntrPi=883.000000
fNChK=122.178871 ntrK=126.000000
fNChP=91.244961 ntrP=102.000000
fNChPi=895.970585 ntrPi=930.000000
fNChK=122.178871 ntrK=115.000000
fNChP=91.244961 ntrP=87.000000
fNChPi=895.970585 ntrPi=874.000000
fNChK=122.178871 ntrK=115.000000
fNChP=91.244961 ntrP=96.000000
fNChPi=895.970585 ntrPi=906.000000
fNChK=122.178871 ntrK=119.000000
fNChP=91.244961 ntrP=80.000000
fNChPi=895.970585 ntrPi=877.000000
fNChK=122.178871 ntrK=94.000000
fNChP=91.244961 ntrP=70.000000
 ***************  ev = 360000 
fNChPi=895.970585 ntrPi=866.000000
fNChK=122.178871 ntrK=114.000000
fNChP=91.244961 ntrP=91.000000
fNChPi=895.970585 ntrPi=901.000000
fNChK=122.178871 ntrK=122.000000
fNChP=91.244961 ntrP=104.000000
fNChPi=895.970585 ntrPi=856.000000
fNChK=122.178871 ntrK=116.000000
fNChP=91.244961 ntrP=95.000000
fNChPi=895.970585 ntrPi=922.000000
fNChK=122.178871 ntrK=121.000000
fNChP=91.244961 ntrP=78.000000
fNChPi=895.970585 ntrPi=915.000000
fNChK=122.178871 ntrK=121.000000
fNChP=91.244961 ntrP=72.000000
fNChPi=895.970585 ntrPi=921.000000
fNChK=122.178871 ntrK=121.000000
fNChP=91.244961 ntrP=109.000000
fNChPi=895.970585 ntrPi=919.000000
fNChK=122.178871 ntrK=132.000000
fNChP=91.244961 ntrP=103.000000
fNChPi=895.970585 ntrPi=861.000000
fNChK=122.178871 ntrK=112.000000
fNChP=91.244961 ntrP=85.000000
fNChPi=895.970585 ntrPi=909.000000
fNChK=122.178871 ntrK=111.000000
fNChP=91.244961 ntrP=100.000000
fNChPi=895.970585 ntrPi=909.000000
fNChK=122.178871 ntrK=128.000000
fNChP=91.244961 ntrP=87.000000
 ***************  ev = 370000 
fNChPi=895.970585 ntrPi=884.000000
fNChK=122.178871 ntrK=114.000000
fNChP=91.244961 ntrP=98.000000
fNChPi=895.970585 ntrPi=889.000000
fNChK=122.178871 ntrK=134.000000
fNChP=91.244961 ntrP=88.000000
fNChPi=895.970585 ntrPi=867.000000
fNChK=122.178871 ntrK=124.000000
fNChP=91.244961 ntrP=90.000000
fNChPi=895.970585 ntrPi=854.000000
fNChK=122.178871 ntrK=134.000000
fNChP=91.244961 ntrP=78.000000
fNChPi=895.970585 ntrPi=838.000000
fNChK=122.178871 ntrK=124.000000
fNChP=91.244961 ntrP=114.000000
fNChPi=895.970585 ntrPi=909.000000
fNChK=122.178871 ntrK=122.000000
fNChP=91.244961 ntrP=92.000000
fNChPi=895.970585 ntrPi=922.000000
fNChK=122.178871 ntrK=99.000000
fNChP=91.244961 ntrP=91.000000
fNChPi=895.970585 ntrPi=891.000000
fNChK=122.178871 ntrK=108.000000
fNChP=91.244961 ntrP=93.000000
fNChPi=895.970585 ntrPi=875.000000
fNChK=122.178871 ntrK=123.000000
fNChP=91.244961 ntrP=92.000000
fNChPi=895.970585 ntrPi=886.000000
fNChK=122.178871 ntrK=127.000000
fNChP=91.244961 ntrP=91.000000
 ***************  ev = 380000 
fNChPi=895.970585 ntrPi=864.000000
fNChK=122.178871 ntrK=134.000000
fNChP=91.244961 ntrP=100.000000
fNChPi=895.970585 ntrPi=920.000000
fNChK=122.178871 ntrK=123.000000
fNChP=91.244961 ntrP=93.000000
fNChPi=895.970585 ntrPi=890.000000
fNChK=122.178871 ntrK=133.000000
fNChP=91.244961 ntrP=85.000000
fNChPi=895.970585 ntrPi=873.000000
fNChK=122.178871 ntrK=108.000000
fNChP=91.244961 ntrP=98.000000
fNChPi=895.970585 ntrPi=890.000000
fNChK=122.178871 ntrK=133.000000
fNChP=91.244961 ntrP=78.000000
fNChPi=895.970585 ntrPi=896.000000
fNChK=122.178871 ntrK=117.000000
fNChP=91.244961 ntrP=84.000000
fNChPi=895.970585 ntrPi=858.000000
fNChK=122.178871 ntrK=125.000000
fNChP=91.244961 ntrP=97.000000
fNChPi=895.970585 ntrPi=906.000000
fNChK=122.178871 ntrK=123.000000
fNChP=91.244961 ntrP=106.000000
fNChPi=895.970585 ntrPi=934.000000
fNChK=122.178871 ntrK=139.000000
fNChP=91.244961 ntrP=77.000000
fNChPi=895.970585 ntrPi=855.000000
fNChK=122.178871 ntrK=137.000000
fNChP=91.244961 ntrP=89.000000
 ***************  ev = 390000 
fNChPi=895.970585 ntrPi=926.000000
fNChK=122.178871 ntrK=112.000000
fNChP=91.244961 ntrP=93.000000
fNChPi=895.970585 ntrPi=849.000000
fNChK=122.178871 ntrK=121.000000
fNChP=91.244961 ntrP=95.000000
fNChPi=895.970585 ntrPi=941.000000
fNChK=122.178871 ntrK=103.000000
fNChP=91.244961 ntrP=92.000000
fNChPi=895.970585 ntrPi=933.000000
fNChK=122.178871 ntrK=117.000000
fNChP=91.244961 ntrP=86.000000
fNChPi=895.970585 ntrPi=961.000000
fNChK=122.178871 ntrK=133.000000
fNChP=91.244961 ntrP=99.000000
fNChPi=895.970585 ntrPi=895.000000
fNChK=122.178871 ntrK=131.000000
fNChP=91.244961 ntrP=77.000000
fNChPi=895.970585 ntrPi=924.000000
fNChK=122.178871 ntrK=126.000000
fNChP=91.244961 ntrP=94.000000
fNChPi=895.970585 ntrPi=927.000000
fNChK=122.178871 ntrK=128.000000
fNChP=91.244961 ntrP=69.000000
fNChPi=895.970585 ntrPi=912.000000
fNChK=122.178871 ntrK=101.000000
fNChP=91.244961 ntrP=92.000000
fNChPi=895.970585 ntrPi=933.000000
fNChK=122.178871 ntrK=123.000000
fNChP=91.244961 ntrP=107.000000
 ***************  ev = 400000 
fNChPi=895.970585 ntrPi=875.000000
fNChK=122.178871 ntrK=120.000000
fNChP=91.244961 ntrP=83.000000
fNChPi=895.970585 ntrPi=849.000000
fNChK=122.178871 ntrK=136.000000
fNChP=91.244961 ntrP=110.000000
fNChPi=895.970585 ntrPi=897.000000
fNChK=122.178871 ntrK=123.000000
fNChP=91.244961 ntrP=107.000000
fNChPi=895.970585 ntrPi=894.000000
fNChK=122.178871 ntrK=115.000000
fNChP=91.244961 ntrP=88.000000
fNChPi=895.970585 ntrPi=901.000000
fNChK=122.178871 ntrK=118.000000
fNChP=91.244961 ntrP=93.000000
fNChPi=895.970585 ntrPi=899.000000
fNChK=122.178871 ntrK=112.000000
fNChP=91.244961 ntrP=110.000000
fNChPi=895.970585 ntrPi=884.000000
fNChK=122.178871 ntrK=132.000000
fNChP=91.244961 ntrP=95.000000
fNChPi=895.970585 ntrPi=823.000000
fNChK=122.178871 ntrK=122.000000
fNChP=91.244961 ntrP=97.000000
fNChPi=895.970585 ntrPi=881.000000
fNChK=122.178871 ntrK=128.000000
fNChP=91.244961 ntrP=109.000000
fNChPi=895.970585 ntrPi=821.000000
fNChK=122.178871 ntrK=118.000000
fNChP=91.244961 ntrP=78.000000
 ***************  ev = 410000 
fNChPi=895.970585 ntrPi=902.000000
fNChK=122.178871 ntrK=115.000000
fNChP=91.244961 ntrP=81.000000
fNChPi=895.970585 ntrPi=893.000000
fNChK=122.178871 ntrK=115.000000
fNChP=91.244961 ntrP=94.000000
fNChPi=895.970585 ntrPi=868.000000
fNChK=122.178871 ntrK=113.000000
fNChP=91.244961 ntrP=89.000000
fNChPi=895.970585 ntrPi=918.000000
fNChK=122.178871 ntrK=135.000000
fNChP=91.244961 ntrP=96.000000
fNChPi=895.970585 ntrPi=934.000000
fNChK=122.178871 ntrK=104.000000
fNChP=91.244961 ntrP=86.000000
fNChPi=895.970585 ntrPi=911.000000
fNChK=122.178871 ntrK=129.000000
fNChP=91.244961 ntrP=98.000000
fNChPi=895.970585 ntrPi=917.000000
fNChK=122.178871 ntrK=118.000000
fNChP=91.244961 ntrP=99.000000
fNChPi=895.970585 ntrPi=878.000000
fNChK=122.178871 ntrK=119.000000
fNChP=91.244961 ntrP=89.000000
fNChPi=895.970585 ntrPi=888.000000
fNChK=122.178871 ntrK=135.000000
fNChP=91.244961 ntrP=93.000000
fNChPi=895.970585 ntrPi=890.000000
fNChK=122.178871 ntrK=134.000000
fNChP=91.244961 ntrP=112.000000
 ***************  ev = 420000 
fNChPi=895.970585 ntrPi=875.000000
fNChK=122.178871 ntrK=110.000000
fNChP=91.244961 ntrP=93.000000
fNChPi=895.970585 ntrPi=928.000000
fNChK=122.178871 ntrK=110.000000
fNChP=91.244961 ntrP=85.000000
fNChPi=895.970585 ntrPi=867.000000
fNChK=122.178871 ntrK=128.000000
fNChP=91.244961 ntrP=107.000000
fNChPi=895.970585 ntrPi=918.000000
fNChK=122.178871 ntrK=109.000000
fNChP=91.244961 ntrP=87.000000
fNChPi=895.970585 ntrPi=825.000000
fNChK=122.178871 ntrK=148.000000
fNChP=91.244961 ntrP=90.000000
fNChPi=895.970585 ntrPi=845.000000
fNChK=122.178871 ntrK=108.000000
fNChP=91.244961 ntrP=100.000000
fNChPi=895.970585 ntrPi=886.000000
fNChK=122.178871 ntrK=124.000000
fNChP=91.244961 ntrP=84.000000
fNChPi=895.970585 ntrPi=878.000000
fNChK=122.178871 ntrK=135.000000
fNChP=91.244961 ntrP=94.000000
fNChPi=895.970585 ntrPi=851.000000
fNChK=122.178871 ntrK=134.000000
fNChP=91.244961 ntrP=82.000000
fNChPi=895.970585 ntrPi=925.000000
fNChK=122.178871 ntrK=129.000000
fNChP=91.244961 ntrP=115.000000
 ***************  ev = 430000 
fNChPi=895.970585 ntrPi=895.000000
fNChK=122.178871 ntrK=122.000000
fNChP=91.244961 ntrP=106.000000
fNChPi=895.970585 ntrPi=913.000000
fNChK=122.178871 ntrK=125.000000
fNChP=91.244961 ntrP=101.000000
fNChPi=895.970585 ntrPi=895.000000
fNChK=122.178871 ntrK=104.000000
fNChP=91.244961 ntrP=89.000000
fNChPi=895.970585 ntrPi=908.000000
fNChK=122.178871 ntrK=120.000000
fNChP=91.244961 ntrP=90.000000
fNChPi=895.970585 ntrPi=873.000000
fNChK=122.178871 ntrK=125.000000
fNChP=91.244961 ntrP=99.000000
fNChPi=895.970585 ntrPi=850.000000
fNChK=122.178871 ntrK=110.000000
fNChP=91.244961 ntrP=93.000000
fNChPi=895.970585 ntrPi=849.000000
fNChK=122.178871 ntrK=117.000000
fNChP=91.244961 ntrP=81.000000
fNChPi=895.970585 ntrPi=845.000000
fNChK=122.178871 ntrK=108.000000
fNChP=91.244961 ntrP=105.000000
fNChPi=895.970585 ntrPi=908.000000
fNChK=122.178871 ntrK=117.000000
fNChP=91.244961 ntrP=102.000000
fNChPi=895.970585 ntrPi=892.000000
fNChK=122.178871 ntrK=120.000000
fNChP=91.244961 ntrP=77.000000
 ***************  ev = 440000 
fNChPi=895.970585 ntrPi=887.000000
fNChK=122.178871 ntrK=122.000000
fNChP=91.244961 ntrP=78.000000
fNChPi=895.970585 ntrPi=871.000000
fNChK=122.178871 ntrK=109.000000
fNChP=91.244961 ntrP=84.000000
fNChPi=895.970585 ntrPi=888.000000
fNChK=122.178871 ntrK=115.000000
fNChP=91.244961 ntrP=102.000000
fNChPi=895.970585 ntrPi=896.000000
fNChK=122.178871 ntrK=118.000000
fNChP=91.244961 ntrP=86.000000
fNChPi=895.970585 ntrPi=874.000000
fNChK=122.178871 ntrK=112.000000
fNChP=91.244961 ntrP=84.000000
fNChPi=895.970585 ntrPi=849.000000
fNChK=122.178871 ntrK=133.000000
fNChP=91.244961 ntrP=98.000000
fNChPi=895.970585 ntrPi=909.000000
fNChK=122.178871 ntrK=115.000000
fNChP=91.244961 ntrP=83.000000
fNChPi=895.970585 ntrPi=922.000000
fNChK=122.178871 ntrK=113.000000
fNChP=91.244961 ntrP=90.000000
fNChPi=895.970585 ntrPi=923.000000
fNChK=122.178871 ntrK=132.000000
fNChP=91.244961 ntrP=97.000000
fNChPi=895.970585 ntrPi=824.000000
fNChK=122.178871 ntrK=122.000000
fNChP=91.244961 ntrP=96.000000
 ***************  ev = 450000 
fNChPi=895.970585 ntrPi=885.000000
fNChK=122.178871 ntrK=118.000000
fNChP=91.244961 ntrP=76.000000
fNChPi=895.970585 ntrPi=887.000000
fNChK=122.178871 ntrK=132.000000
fNChP=91.244961 ntrP=88.000000
fNChPi=895.970585 ntrPi=895.000000
fNChK=122.178871 ntrK=111.000000
fNChP=91.244961 ntrP=85.000000
fNChPi=895.970585 ntrPi=922.000000
fNChK=122.178871 ntrK=118.000000
fNChP=91.244961 ntrP=83.000000
fNChPi=895.970585 ntrPi=881.000000
fNChK=122.178871 ntrK=117.000000
fNChP=91.244961 ntrP=78.000000
fNChPi=895.970585 ntrPi=926.000000
fNChK=122.178871 ntrK=133.000000
fNChP=91.244961 ntrP=116.000000
fNChPi=895.970585 ntrPi=906.000000
fNChK=122.178871 ntrK=128.000000
fNChP=91.244961 ntrP=103.000000
fNChPi=895.970585 ntrPi=925.000000
fNChK=122.178871 ntrK=120.000000
fNChP=91.244961 ntrP=99.000000
fNChPi=895.970585 ntrPi=855.000000
fNChK=122.178871 ntrK=122.000000
fNChP=91.244961 ntrP=89.000000
fNChPi=895.970585 ntrPi=896.000000
fNChK=122.178871 ntrK=122.000000
fNChP=91.244961 ntrP=96.000000
 ***************  ev = 460000 
fNChPi=895.970585 ntrPi=851.000000
fNChK=122.178871 ntrK=122.000000
fNChP=91.244961 ntrP=100.000000
fNChPi=895.970585 ntrPi=953.000000
fNChK=122.178871 ntrK=133.000000
fNChP=91.244961 ntrP=80.000000
fNChPi=895.970585 ntrPi=917.000000
fNChK=122.178871 ntrK=103.000000
fNChP=91.244961 ntrP=89.000000
fNChPi=895.970585 ntrPi=886.000000
fNChK=122.178871 ntrK=134.000000
fNChP=91.244961 ntrP=89.000000
fNChPi=895.970585 ntrPi=879.000000
fNChK=122.178871 ntrK=134.000000
fNChP=91.244961 ntrP=97.000000
fNChPi=895.970585 ntrPi=868.000000
fNChK=122.178871 ntrK=116.000000
fNChP=91.244961 ntrP=77.000000
fNChPi=895.970585 ntrPi=930.000000
fNChK=122.178871 ntrK=123.000000
fNChP=91.244961 ntrP=96.000000
fNChPi=895.970585 ntrPi=874.000000
fNChK=122.178871 ntrK=131.000000
fNChP=91.244961 ntrP=84.000000
fNChPi=895.970585 ntrPi=856.000000
fNChK=122.178871 ntrK=126.000000
fNChP=91.244961 ntrP=91.000000
fNChPi=895.970585 ntrPi=870.000000
fNChK=122.178871 ntrK=118.000000
fNChP=91.244961 ntrP=86.000000
 ***************  ev = 470000 
fNChPi=895.970585 ntrPi=904.000000
fNChK=122.178871 ntrK=132.000000
fNChP=91.244961 ntrP=83.000000
fNChPi=895.970585 ntrPi=892.000000
fNChK=122.178871 ntrK=118.000000
fNChP=91.244961 ntrP=100.000000
fNChPi=895.970585 ntrPi=898.000000
fNChK=122.178871 ntrK=119.000000
fNChP=91.244961 ntrP=95.000000
fNChPi=895.970585 ntrPi=954.000000
fNChK=122.178871 ntrK=121.000000
fNChP=91.244961 ntrP=93.000000
fNChPi=895.970585 ntrPi=910.000000
fNChK=122.178871 ntrK=129.000000
fNChP=91.244961 ntrP=87.000000
fNChPi=895.970585 ntrPi=840.000000
fNChK=122.178871 ntrK=106.000000
fNChP=91.244961 ntrP=109.000000
fNChPi=895.970585 ntrPi=842.000000
fNChK=122.178871 ntrK=115.000000
fNChP=91.244961 ntrP=105.000000
fNChPi=895.970585 ntrPi=950.000000
fNChK=122.178871 ntrK=111.000000
fNChP=91.244961 ntrP=93.000000
fNChPi=895.970585 ntrPi=901.000000
fNChK=122.178871 ntrK=127.000000
fNChP=91.244961 ntrP=93.000000
fNChPi=895.970585 ntrPi=898.000000
fNChK=122.178871 ntrK=127.000000
fNChP=91.244961 ntrP=92.000000
 ***************  ev = 480000 
fNChPi=895.970585 ntrPi=936.000000
fNChK=122.178871 ntrK=140.000000
fNChP=91.244961 ntrP=104.000000
fNChPi=895.970585 ntrPi=883.000000
fNChK=122.178871 ntrK=122.000000
fNChP=91.244961 ntrP=78.000000
fNChPi=895.970585 ntrPi=905.000000
fNChK=122.178871 ntrK=125.000000
fNChP=91.244961 ntrP=74.000000
fNChPi=895.970585 ntrPi=902.000000
fNChK=122.178871 ntrK=122.000000
fNChP=91.244961 ntrP=79.000000
fNChPi=895.970585 ntrPi=874.000000
fNChK=122.178871 ntrK=140.000000
fNChP=91.244961 ntrP=87.000000
fNChPi=895.970585 ntrPi=881.000000
fNChK=122.178871 ntrK=130.000000
fNChP=91.244961 ntrP=83.000000
fNChPi=895.970585 ntrPi=917.000000
fNChK=122.178871 ntrK=124.000000
fNChP=91.244961 ntrP=82.000000
fNChPi=895.970585 ntrPi=870.000000
fNChK=122.178871 ntrK=148.000000
fNChP=91.244961 ntrP=78.000000
fNChPi=895.970585 ntrPi=893.000000
fNChK=122.178871 ntrK=136.000000
fNChP=91.244961 ntrP=121.000000
fNChPi=895.970585 ntrPi=874.000000
fNChK=122.178871 ntrK=113.000000
fNChP=91.244961 ntrP=86.000000
 ***************  ev = 490000 
fNChPi=895.970585 ntrPi=899.000000
fNChK=122.178871 ntrK=120.000000
fNChP=91.244961 ntrP=93.000000
fNChPi=895.970585 ntrPi=887.000000
fNChK=122.178871 ntrK=119.000000
fNChP=91.244961 ntrP=89.000000
fNChPi=895.970585 ntrPi=906.000000
fNChK=122.178871 ntrK=113.000000
fNChP=91.244961 ntrP=78.000000
fNChPi=895.970585 ntrPi=914.000000
fNChK=122.178871 ntrK=121.000000
fNChP=91.244961 ntrP=88.000000
fNChPi=895.970585 ntrPi=853.000000
fNChK=122.178871 ntrK=122.000000
fNChP=91.244961 ntrP=87.000000
fNChPi=895.970585 ntrPi=939.000000
fNChK=122.178871 ntrK=145.000000
fNChP=91.244961 ntrP=89.000000
fNChPi=895.970585 ntrPi=886.000000
fNChK=122.178871 ntrK=109.000000
fNChP=91.244961 ntrP=83.000000
fNChPi=895.970585 ntrPi=903.000000
fNChK=122.178871 ntrK=110.000000
fNChP=91.244961 ntrP=96.000000
fNChPi=895.970585 ntrPi=901.000000
fNChK=122.178871 ntrK=145.000000
fNChP=91.244961 ntrP=105.000000
fNChPi=895.970585 ntrPi=927.000000
fNChK=122.178871 ntrK=137.000000
fNChP=91.244961 ntrP=99.000000
 ***************  ev = 500000 
fNChPi=895.970585 ntrPi=909.000000
fNChK=122.178871 ntrK=113.000000
fNChP=91.244961 ntrP=98.000000
fNChPi=895.970585 ntrPi=930.000000
fNChK=122.178871 ntrK=125.000000
fNChP=91.244961 ntrP=75.000000
fNChPi=895.970585 ntrPi=906.000000
fNChK=122.178871 ntrK=112.000000
fNChP=91.244961 ntrP=87.000000
fNChPi=895.970585 ntrPi=972.000000
fNChK=122.178871 ntrK=127.000000
fNChP=91.244961 ntrP=75.000000
fNChPi=895.970585 ntrPi=905.000000
fNChK=122.178871 ntrK=128.000000
fNChP=91.244961 ntrP=110.000000
fNChPi=895.970585 ntrPi=882.000000
fNChK=122.178871 ntrK=112.000000
fNChP=91.244961 ntrP=75.000000
fNChPi=895.970585 ntrPi=896.000000
fNChK=122.178871 ntrK=111.000000
fNChP=91.244961 ntrP=84.000000
fNChPi=895.970585 ntrPi=843.000000
fNChK=122.178871 ntrK=135.000000
fNChP=91.244961 ntrP=81.000000
fNChPi=895.970585 ntrPi=870.000000
fNChK=122.178871 ntrK=122.000000
fNChP=91.244961 ntrP=109.000000
fNChPi=895.970585 ntrPi=877.000000
fNChK=122.178871 ntrK=111.000000
fNChP=91.244961 ntrP=103.000000
 ***************  ev = 510000 
fNChPi=895.970585 ntrPi=895.000000
fNChK=122.178871 ntrK=109.000000
fNChP=91.244961 ntrP=78.000000
fNChPi=895.970585 ntrPi=823.000000
fNChK=122.178871 ntrK=120.000000
fNChP=91.244961 ntrP=84.000000
fNChPi=895.970585 ntrPi=873.000000
fNChK=122.178871 ntrK=109.000000
fNChP=91.244961 ntrP=100.000000
fNChPi=895.970585 ntrPi=944.000000
fNChK=122.178871 ntrK=122.000000
fNChP=91.244961 ntrP=106.000000
fNChPi=895.970585 ntrPi=934.000000
fNChK=122.178871 ntrK=113.000000
fNChP=91.244961 ntrP=103.000000
fNChPi=895.970585 ntrPi=929.000000
fNChK=122.178871 ntrK=131.000000
fNChP=91.244961 ntrP=92.000000
fNChPi=895.970585 ntrPi=906.000000
fNChK=122.178871 ntrK=122.000000
fNChP=91.244961 ntrP=99.000000
fNChPi=895.970585 ntrPi=847.000000
fNChK=122.178871 ntrK=117.000000
fNChP=91.244961 ntrP=96.000000
fNChPi=895.970585 ntrPi=845.000000
fNChK=122.178871 ntrK=145.000000
fNChP=91.244961 ntrP=86.000000
fNChPi=895.970585 ntrPi=923.000000
fNChK=122.178871 ntrK=131.000000
fNChP=91.244961 ntrP=88.000000
 ***************  ev = 520000 
fNChPi=895.970585 ntrPi=873.000000
fNChK=122.178871 ntrK=92.000000
fNChP=91.244961 ntrP=98.000000
fNChPi=895.970585 ntrPi=874.000000
fNChK=122.178871 ntrK=102.000000
fNChP=91.244961 ntrP=85.000000
fNChPi=895.970585 ntrPi=867.000000
fNChK=122.178871 ntrK=121.000000
fNChP=91.244961 ntrP=101.000000
fNChPi=895.970585 ntrPi=903.000000
fNChK=122.178871 ntrK=136.000000
fNChP=91.244961 ntrP=89.000000
fNChPi=895.970585 ntrPi=890.000000
fNChK=122.178871 ntrK=128.000000
fNChP=91.244961 ntrP=81.000000
fNChPi=895.970585 ntrPi=879.000000
fNChK=122.178871 ntrK=109.000000
fNChP=91.244961 ntrP=90.000000
fNChPi=895.970585 ntrPi=873.000000
fNChK=122.178871 ntrK=141.000000
fNChP=91.244961 ntrP=99.000000
fNChPi=895.970585 ntrPi=927.000000
fNChK=122.178871 ntrK=133.000000
fNChP=91.244961 ntrP=93.000000
fNChPi=895.970585 ntrPi=925.000000
fNChK=122.178871 ntrK=105.000000
fNChP=91.244961 ntrP=88.000000
fNChPi=895.970585 ntrPi=914.000000
fNChK=122.178871 ntrK=121.000000
fNChP=91.244961 ntrP=90.000000
 ***************  ev = 530000 
fNChPi=895.970585 ntrPi=892.000000
fNChK=122.178871 ntrK=120.000000
fNChP=91.244961 ntrP=72.000000
fNChPi=895.970585 ntrPi=921.000000
fNChK=122.178871 ntrK=126.000000
fNChP=91.244961 ntrP=92.000000
fNChPi=895.970585 ntrPi=850.000000
fNChK=122.178871 ntrK=122.000000
fNChP=91.244961 ntrP=111.000000
fNChPi=895.970585 ntrPi=875.000000
fNChK=122.178871 ntrK=112.000000
fNChP=91.244961 ntrP=84.000000
fNChPi=895.970585 ntrPi=882.000000
fNChK=122.178871 ntrK=145.000000
fNChP=91.244961 ntrP=96.000000
fNChPi=895.970585 ntrPi=839.000000
fNChK=122.178871 ntrK=135.000000
fNChP=91.244961 ntrP=92.000000
fNChPi=895.970585 ntrPi=857.000000
fNChK=122.178871 ntrK=131.000000
fNChP=91.244961 ntrP=96.000000
fNChPi=895.970585 ntrPi=950.000000
fNChK=122.178871 ntrK=131.000000
fNChP=91.244961 ntrP=103.000000
fNChPi=895.970585 ntrPi=910.000000
fNChK=122.178871 ntrK=134.000000
fNChP=91.244961 ntrP=92.000000
fNChPi=895.970585 ntrPi=876.000000
fNChK=122.178871 ntrK=130.000000
fNChP=91.244961 ntrP=75.000000
 ***************  ev = 540000 
fNChPi=895.970585 ntrPi=881.000000
fNChK=122.178871 ntrK=109.000000
fNChP=91.244961 ntrP=106.000000
fNChPi=895.970585 ntrPi=891.000000
fNChK=122.178871 ntrK=113.000000
fNChP=91.244961 ntrP=94.000000
fNChPi=895.970585 ntrPi=916.000000
fNChK=122.178871 ntrK=124.000000
fNChP=91.244961 ntrP=104.000000
fNChPi=895.970585 ntrPi=891.000000
fNChK=122.178871 ntrK=117.000000
fNChP=91.244961 ntrP=103.000000
fNChPi=895.970585 ntrPi=912.000000
fNChK=122.178871 ntrK=123.000000
fNChP=91.244961 ntrP=90.000000
fNChPi=895.970585 ntrPi=910.000000
fNChK=122.178871 ntrK=106.000000
fNChP=91.244961 ntrP=87.000000
fNChPi=895.970585 ntrPi=883.000000
fNChK=122.178871 ntrK=127.000000
fNChP=91.244961 ntrP=99.000000
fNChPi=895.970585 ntrPi=914.000000
fNChK=122.178871 ntrK=121.000000
fNChP=91.244961 ntrP=89.000000
fNChPi=895.970585 ntrPi=905.000000
fNChK=122.178871 ntrK=122.000000
fNChP=91.244961 ntrP=80.000000
fNChPi=895.970585 ntrPi=890.000000
fNChK=122.178871 ntrK=121.000000
fNChP=91.244961 ntrP=86.000000
 ***************  ev = 550000 
fNChPi=895.970585 ntrPi=922.000000
fNChK=122.178871 ntrK=124.000000
fNChP=91.244961 ntrP=75.000000
fNChPi=895.970585 ntrPi=873.000000
fNChK=122.178871 ntrK=124.000000
fNChP=91.244961 ntrP=96.000000
fNChPi=895.970585 ntrPi=929.000000
fNChK=122.178871 ntrK=131.000000
fNChP=91.244961 ntrP=93.000000
fNChPi=895.970585 ntrPi=900.000000
fNChK=122.178871 ntrK=114.000000
fNChP=91.244961 ntrP=102.000000
fNChPi=895.970585 ntrPi=944.000000
fNChK=122.178871 ntrK=117.000000
fNChP=91.244961 ntrP=92.000000
fNChPi=895.970585 ntrPi=893.000000
fNChK=122.178871 ntrK=113.000000
fNChP=91.244961 ntrP=115.000000
fNChPi=895.970585 ntrPi=883.000000
fNChK=122.178871 ntrK=121.000000
fNChP=91.244961 ntrP=85.000000
fNChPi=895.970585 ntrPi=841.000000
fNChK=122.178871 ntrK=121.000000
fNChP=91.244961 ntrP=86.000000
fNChPi=895.970585 ntrPi=921.000000
fNChK=122.178871 ntrK=113.000000
fNChP=91.244961 ntrP=104.000000
fNChPi=895.970585 ntrPi=894.000000
fNChK=122.178871 ntrK=123.000000
fNChP=91.244961 ntrP=91.000000
 ***************  ev = 560000 
fNChPi=895.970585 ntrPi=910.000000
fNChK=122.178871 ntrK=120.000000
fNChP=91.244961 ntrP=90.000000
fNChPi=895.970585 ntrPi=853.000000
fNChK=122.178871 ntrK=134.000000
fNChP=91.244961 ntrP=114.000000
fNChPi=895.970585 ntrPi=898.000000
fNChK=122.178871 ntrK=119.000000
fNChP=91.244961 ntrP=83.000000
fNChPi=895.970585 ntrPi=884.000000
fNChK=122.178871 ntrK=138.000000
fNChP=91.244961 ntrP=97.000000
fNChPi=895.970585 ntrPi=832.000000
fNChK=122.178871 ntrK=118.000000
fNChP=91.244961 ntrP=101.000000
fNChPi=895.970585 ntrPi=894.000000
fNChK=122.178871 ntrK=109.000000
fNChP=91.244961 ntrP=98.000000
fNChPi=895.970585 ntrPi=888.000000
fNChK=122.178871 ntrK=117.000000
fNChP=91.244961 ntrP=92.000000
fNChPi=895.970585 ntrPi=901.000000
fNChK=122.178871 ntrK=129.000000
fNChP=91.244961 ntrP=88.000000
fNChPi=895.970585 ntrPi=941.000000
fNChK=122.178871 ntrK=123.000000
fNChP=91.244961 ntrP=89.000000
fNChPi=895.970585 ntrPi=909.000000
fNChK=122.178871 ntrK=119.000000
fNChP=91.244961 ntrP=104.000000
 ***************  ev = 570000 
fNChPi=895.970585 ntrPi=840.000000
fNChK=122.178871 ntrK=122.000000
fNChP=91.244961 ntrP=83.000000
fNChPi=895.970585 ntrPi=872.000000
fNChK=122.178871 ntrK=117.000000
fNChP=91.244961 ntrP=94.000000
fNChPi=895.970585 ntrPi=936.000000
fNChK=122.178871 ntrK=128.000000
fNChP=91.244961 ntrP=95.000000
fNChPi=895.970585 ntrPi=907.000000
fNChK=122.178871 ntrK=131.000000
fNChP=91.244961 ntrP=92.000000
fNChPi=895.970585 ntrPi=856.000000
fNChK=122.178871 ntrK=129.000000
fNChP=91.244961 ntrP=88.000000
fNChPi=895.970585 ntrPi=934.000000
fNChK=122.178871 ntrK=123.000000
fNChP=91.244961 ntrP=91.000000
fNChPi=895.970585 ntrPi=861.000000
fNChK=122.178871 ntrK=114.000000
fNChP=91.244961 ntrP=107.000000
fNChPi=895.970585 ntrPi=956.000000
fNChK=122.178871 ntrK=131.000000
fNChP=91.244961 ntrP=93.000000
fNChPi=895.970585 ntrPi=879.000000
fNChK=122.178871 ntrK=118.000000
fNChP=91.244961 ntrP=72.000000
fNChPi=895.970585 ntrPi=901.000000
fNChK=122.178871 ntrK=126.000000
fNChP=91.244961 ntrP=94.000000
 ***************  ev = 580000 
fNChPi=895.970585 ntrPi=891.000000
fNChK=122.178871 ntrK=113.000000
fNChP=91.244961 ntrP=86.000000
fNChPi=895.970585 ntrPi=882.000000
fNChK=122.178871 ntrK=112.000000
fNChP=91.244961 ntrP=97.000000
fNChPi=895.970585 ntrPi=889.000000
fNChK=122.178871 ntrK=116.000000
fNChP=91.244961 ntrP=98.000000
fNChPi=895.970585 ntrPi=895.000000
fNChK=122.178871 ntrK=118.000000
fNChP=91.244961 ntrP=88.000000
fNChPi=895.970585 ntrPi=932.000000
fNChK=122.178871 ntrK=97.000000
fNChP=91.244961 ntrP=92.000000
fNChPi=895.970585 ntrPi=879.000000
fNChK=122.178871 ntrK=122.000000
fNChP=91.244961 ntrP=90.000000
fNChPi=895.970585 ntrPi=879.000000
fNChK=122.178871 ntrK=128.000000
fNChP=91.244961 ntrP=81.000000
fNChPi=895.970585 ntrPi=900.000000
fNChK=122.178871 ntrK=133.000000
fNChP=91.244961 ntrP=90.000000
fNChPi=895.970585 ntrPi=883.000000
fNChK=122.178871 ntrK=127.000000
fNChP=91.244961 ntrP=82.000000
fNChPi=895.970585 ntrPi=886.000000
fNChK=122.178871 ntrK=112.000000
fNChP=91.244961 ntrP=80.000000
 ***************  ev = 590000 
fNChPi=895.970585 ntrPi=998.000000
fNChK=122.178871 ntrK=119.000000
fNChP=91.244961 ntrP=86.000000
fNChPi=895.970585 ntrPi=942.000000
fNChK=122.178871 ntrK=112.000000
fNChP=91.244961 ntrP=95.000000
fNChPi=895.970585 ntrPi=924.000000
fNChK=122.178871 ntrK=118.000000
fNChP=91.244961 ntrP=88.000000
fNChPi=895.970585 ntrPi=870.000000
fNChK=122.178871 ntrK=141.000000
fNChP=91.244961 ntrP=100.000000
fNChPi=895.970585 ntrPi=889.000000
fNChK=122.178871 ntrK=129.000000
fNChP=91.244961 ntrP=95.000000
fNChPi=895.970585 ntrPi=885.000000
fNChK=122.178871 ntrK=127.000000
fNChP=91.244961 ntrP=81.000000
fNChPi=895.970585 ntrPi=878.000000
fNChK=122.178871 ntrK=110.000000
fNChP=91.244961 ntrP=94.000000
fNChPi=895.970585 ntrPi=913.000000
fNChK=122.178871 ntrK=124.000000
fNChP=91.244961 ntrP=78.000000
fNChPi=895.970585 ntrPi=857.000000
fNChK=122.178871 ntrK=117.000000
fNChP=91.244961 ntrP=85.000000
fNChPi=895.970585 ntrPi=928.000000
fNChK=122.178871 ntrK=138.000000
fNChP=91.244961 ntrP=104.000000
 ***************  ev = 600000 
fNChPi=895.970585 ntrPi=883.000000
fNChK=122.178871 ntrK=137.000000
fNChP=91.244961 ntrP=95.000000
fNChPi=895.970585 ntrPi=939.000000
fNChK=122.178871 ntrK=119.000000
fNChP=91.244961 ntrP=90.000000
fNChPi=895.970585 ntrPi=842.000000
fNChK=122.178871 ntrK=156.000000
fNChP=91.244961 ntrP=73.000000
fNChPi=895.970585 ntrPi=871.000000
fNChK=122.178871 ntrK=143.000000
fNChP=91.244961 ntrP=86.000000
fNChPi=895.970585 ntrPi=908.000000
fNChK=122.178871 ntrK=116.000000
fNChP=91.244961 ntrP=76.000000
fNChPi=895.970585 ntrPi=921.000000
fNChK=122.178871 ntrK=125.000000
fNChP=91.244961 ntrP=86.000000
fNChPi=895.970585 ntrPi=923.000000
fNChK=122.178871 ntrK=125.000000
fNChP=91.244961 ntrP=98.000000
fNChPi=895.970585 ntrPi=806.000000
fNChK=122.178871 ntrK=117.000000
fNChP=91.244961 ntrP=88.000000
fNChPi=895.970585 ntrPi=976.000000
fNChK=122.178871 ntrK=124.000000
fNChP=91.244961 ntrP=117.000000
fNChPi=895.970585 ntrPi=906.000000
fNChK=122.178871 ntrK=131.000000
fNChP=91.244961 ntrP=98.000000
 ***************  ev = 610000 
fNChPi=895.970585 ntrPi=891.000000
fNChK=122.178871 ntrK=123.000000
fNChP=91.244961 ntrP=85.000000
fNChPi=895.970585 ntrPi=901.000000
fNChK=122.178871 ntrK=104.000000
fNChP=91.244961 ntrP=96.000000
fNChPi=895.970585 ntrPi=942.000000
fNChK=122.178871 ntrK=115.000000
fNChP=91.244961 ntrP=97.000000
fNChPi=895.970585 ntrPi=879.000000
fNChK=122.178871 ntrK=118.000000
fNChP=91.244961 ntrP=84.000000
fNChPi=895.970585 ntrPi=960.000000
fNChK=122.178871 ntrK=127.000000
fNChP=91.244961 ntrP=95.000000
fNChPi=895.970585 ntrPi=952.000000
fNChK=122.178871 ntrK=139.000000
fNChP=91.244961 ntrP=85.000000
fNChPi=895.970585 ntrPi=856.000000
fNChK=122.178871 ntrK=130.000000
fNChP=91.244961 ntrP=106.000000
fNChPi=895.970585 ntrPi=929.000000
fNChK=122.178871 ntrK=125.000000
fNChP=91.244961 ntrP=88.000000
fNChPi=895.970585 ntrPi=891.000000
fNChK=122.178871 ntrK=98.000000
fNChP=91.244961 ntrP=94.000000
fNChPi=895.970585 ntrPi=955.000000
fNChK=122.178871 ntrK=131.000000
fNChP=91.244961 ntrP=100.000000
 ***************  ev = 620000 
fNChPi=895.970585 ntrPi=843.000000
fNChK=122.178871 ntrK=132.000000
fNChP=91.244961 ntrP=87.000000
fNChPi=895.970585 ntrPi=894.000000
fNChK=122.178871 ntrK=125.000000
fNChP=91.244961 ntrP=87.000000
fNChPi=895.970585 ntrPi=918.000000
fNChK=122.178871 ntrK=124.000000
fNChP=91.244961 ntrP=88.000000
fNChPi=895.970585 ntrPi=886.000000
fNChK=122.178871 ntrK=113.000000
fNChP=91.244961 ntrP=81.000000
fNChPi=895.970585 ntrPi=849.000000
fNChK=122.178871 ntrK=115.000000
fNChP=91.244961 ntrP=69.000000
fNChPi=895.970585 ntrPi=871.000000
fNChK=122.178871 ntrK=117.000000
fNChP=91.244961 ntrP=97.000000
fNChPi=895.970585 ntrPi=951.000000
fNChK=122.178871 ntrK=120.000000
fNChP=91.244961 ntrP=91.000000
fNChPi=895.970585 ntrPi=907.000000
fNChK=122.178871 ntrK=118.000000
fNChP=91.244961 ntrP=83.000000
fNChPi=895.970585 ntrPi=894.000000
fNChK=122.178871 ntrK=127.000000
fNChP=91.244961 ntrP=82.000000
fNChPi=895.970585 ntrPi=936.000000
fNChK=122.178871 ntrK=111.000000
fNChP=91.244961 ntrP=94.000000
 ***************  ev = 630000 
fNChPi=895.970585 ntrPi=905.000000
fNChK=122.178871 ntrK=141.000000
fNChP=91.244961 ntrP=117.000000
fNChPi=895.970585 ntrPi=934.000000
fNChK=122.178871 ntrK=141.000000
fNChP=91.244961 ntrP=95.000000
fNChPi=895.970585 ntrPi=927.000000
fNChK=122.178871 ntrK=116.000000
fNChP=91.244961 ntrP=108.000000
fNChPi=895.970585 ntrPi=861.000000
fNChK=122.178871 ntrK=137.000000
fNChP=91.244961 ntrP=93.000000
fNChPi=895.970585 ntrPi=854.000000
fNChK=122.178871 ntrK=115.000000
fNChP=91.244961 ntrP=90.000000
fNChPi=895.970585 ntrPi=843.000000
fNChK=122.178871 ntrK=114.000000
fNChP=91.244961 ntrP=78.000000
fNChPi=895.970585 ntrPi=898.000000
fNChK=122.178871 ntrK=116.000000
fNChP=91.244961 ntrP=87.000000
fNChPi=895.970585 ntrPi=977.000000
fNChK=122.178871 ntrK=131.000000
fNChP=91.244961 ntrP=84.000000
fNChPi=895.970585 ntrPi=913.000000
fNChK=122.178871 ntrK=120.000000
fNChP=91.244961 ntrP=101.000000
fNChPi=895.970585 ntrPi=924.000000
fNChK=122.178871 ntrK=129.000000
fNChP=91.244961 ntrP=80.000000
 ***************  ev = 640000 
fNChPi=895.970585 ntrPi=916.000000
fNChK=122.178871 ntrK=127.000000
fNChP=91.244961 ntrP=86.000000
fNChPi=895.970585 ntrPi=892.000000
fNChK=122.178871 ntrK=135.000000
fNChP=91.244961 ntrP=93.000000
fNChPi=895.970585 ntrPi=877.000000
fNChK=122.178871 ntrK=120.000000
fNChP=91.244961 ntrP=86.000000
fNChPi=895.970585 ntrPi=892.000000
fNChK=122.178871 ntrK=134.000000
fNChP=91.244961 ntrP=112.000000
fNChPi=895.970585 ntrPi=916.000000
fNChK=122.178871 ntrK=115.000000
fNChP=91.244961 ntrP=91.000000
fNChPi=895.970585 ntrPi=912.000000
fNChK=122.178871 ntrK=132.000000
fNChP=91.244961 ntrP=84.000000
fNChPi=895.970585 ntrPi=940.000000
fNChK=122.178871 ntrK=113.000000
fNChP=91.244961 ntrP=86.000000
fNChPi=895.970585 ntrPi=887.000000
fNChK=122.178871 ntrK=116.000000
fNChP=91.244961 ntrP=79.000000
fNChPi=895.970585 ntrPi=856.000000
fNChK=122.178871 ntrK=130.000000
fNChP=91.244961 ntrP=94.000000
fNChPi=895.970585 ntrPi=912.000000
fNChK=122.178871 ntrK=112.000000
fNChP=91.244961 ntrP=78.000000
 ***************  ev = 650000 
fNChPi=895.970585 ntrPi=835.000000
fNChK=122.178871 ntrK=119.000000
fNChP=91.244961 ntrP=88.000000
fNChPi=895.970585 ntrPi=951.000000
fNChK=122.178871 ntrK=115.000000
fNChP=91.244961 ntrP=106.000000
fNChPi=895.970585 ntrPi=889.000000
fNChK=122.178871 ntrK=109.000000
fNChP=91.244961 ntrP=89.000000
fNChPi=895.970585 ntrPi=929.000000
fNChK=122.178871 ntrK=111.000000
fNChP=91.244961 ntrP=80.000000
fNChPi=895.970585 ntrPi=928.000000
fNChK=122.178871 ntrK=111.000000
fNChP=91.244961 ntrP=88.000000
fNChPi=895.970585 ntrPi=883.000000
fNChK=122.178871 ntrK=113.000000
fNChP=91.244961 ntrP=87.000000
fNChPi=895.970585 ntrPi=963.000000
fNChK=122.178871 ntrK=105.000000
fNChP=91.244961 ntrP=97.000000
fNChPi=895.970585 ntrPi=938.000000
fNChK=122.178871 ntrK=124.000000
fNChP=91.244961 ntrP=94.000000
fNChPi=895.970585 ntrPi=880.000000
fNChK=122.178871 ntrK=117.000000
fNChP=91.244961 ntrP=87.000000
fNChPi=895.970585 ntrPi=890.000000
fNChK=122.178871 ntrK=114.000000
fNChP=91.244961 ntrP=106.000000
 ***************  ev = 660000 
fNChPi=895.970585 ntrPi=928.000000
fNChK=122.178871 ntrK=102.000000
fNChP=91.244961 ntrP=95.000000
fNChPi=895.970585 ntrPi=921.000000
fNChK=122.178871 ntrK=128.000000
fNChP=91.244961 ntrP=90.000000
fNChPi=895.970585 ntrPi=906.000000
fNChK=122.178871 ntrK=148.000000
fNChP=91.244961 ntrP=96.000000
fNChPi=895.970585 ntrPi=912.000000
fNChK=122.178871 ntrK=130.000000
fNChP=91.244961 ntrP=90.000000
fNChPi=895.970585 ntrPi=876.000000
fNChK=122.178871 ntrK=111.000000
fNChP=91.244961 ntrP=100.000000
fNChPi=895.970585 ntrPi=908.000000
fNChK=122.178871 ntrK=142.000000
fNChP=91.244961 ntrP=74.000000
fNChPi=895.970585 ntrPi=929.000000
fNChK=122.178871 ntrK=123.000000
fNChP=91.244961 ntrP=81.000000
fNChPi=895.970585 ntrPi=897.000000
fNChK=122.178871 ntrK=132.000000
fNChP=91.244961 ntrP=81.000000
fNChPi=895.970585 ntrPi=904.000000
fNChK=122.178871 ntrK=126.000000
fNChP=91.244961 ntrP=106.000000
fNChPi=895.970585 ntrPi=898.000000
fNChK=122.178871 ntrK=119.000000
fNChP=91.244961 ntrP=88.000000
 ***************  ev = 670000 
fNChPi=895.970585 ntrPi=891.000000
fNChK=122.178871 ntrK=123.000000
fNChP=91.244961 ntrP=98.000000
fNChPi=895.970585 ntrPi=881.000000
fNChK=122.178871 ntrK=133.000000
fNChP=91.244961 ntrP=95.000000
fNChPi=895.970585 ntrPi=896.000000
fNChK=122.178871 ntrK=105.000000
fNChP=91.244961 ntrP=84.000000
fNChPi=895.970585 ntrPi=924.000000
fNChK=122.178871 ntrK=110.000000
fNChP=91.244961 ntrP=103.000000
fNChPi=895.970585 ntrPi=905.000000
fNChK=122.178871 ntrK=116.000000
fNChP=91.244961 ntrP=108.000000
fNChPi=895.970585 ntrPi=925.000000
fNChK=122.178871 ntrK=144.000000
fNChP=91.244961 ntrP=96.000000
fNChPi=895.970585 ntrPi=894.000000
fNChK=122.178871 ntrK=125.000000
fNChP=91.244961 ntrP=85.000000
fNChPi=895.970585 ntrPi=925.000000
fNChK=122.178871 ntrK=123.000000
fNChP=91.244961 ntrP=85.000000
fNChPi=895.970585 ntrPi=907.000000
fNChK=122.178871 ntrK=119.000000
fNChP=91.244961 ntrP=98.000000
fNChPi=895.970585 ntrPi=869.000000
fNChK=122.178871 ntrK=119.000000
fNChP=91.244961 ntrP=90.000000
 ***************  ev = 680000 
fNChPi=895.970585 ntrPi=901.000000
fNChK=122.178871 ntrK=109.000000
fNChP=91.244961 ntrP=102.000000
fNChPi=895.970585 ntrPi=863.000000
fNChK=122.178871 ntrK=95.000000
fNChP=91.244961 ntrP=112.000000
fNChPi=895.970585 ntrPi=890.000000
fNChK=122.178871 ntrK=119.000000
fNChP=91.244961 ntrP=79.000000
fNChPi=895.970585 ntrPi=882.000000
fNChK=122.178871 ntrK=120.000000
fNChP=91.244961 ntrP=94.000000
fNChPi=895.970585 ntrPi=915.000000
fNChK=122.178871 ntrK=128.000000
fNChP=91.244961 ntrP=98.000000
fNChPi=895.970585 ntrPi=960.000000
fNChK=122.178871 ntrK=150.000000
fNChP=91.244961 ntrP=98.000000
fNChPi=895.970585 ntrPi=868.000000
fNChK=122.178871 ntrK=123.000000
fNChP=91.244961 ntrP=90.000000
fNChPi=895.970585 ntrPi=894.000000
fNChK=122.178871 ntrK=120.000000
fNChP=91.244961 ntrP=100.000000
fNChPi=895.970585 ntrPi=917.000000
fNChK=122.178871 ntrK=124.000000
fNChP=91.244961 ntrP=97.000000
fNChPi=895.970585 ntrPi=890.000000
fNChK=122.178871 ntrK=118.000000
fNChP=91.244961 ntrP=84.000000
 ***************  ev = 690000 
fNChPi=895.970585 ntrPi=869.000000
fNChK=122.178871 ntrK=109.000000
fNChP=91.244961 ntrP=72.000000
fNChPi=895.970585 ntrPi=853.000000
fNChK=122.178871 ntrK=115.000000
fNChP=91.244961 ntrP=96.000000
fNChPi=895.970585 ntrPi=903.000000
fNChK=122.178871 ntrK=129.000000
fNChP=91.244961 ntrP=103.000000
fNChPi=895.970585 ntrPi=930.000000
fNChK=122.178871 ntrK=126.000000
fNChP=91.244961 ntrP=101.000000
fNChPi=895.970585 ntrPi=835.000000
fNChK=122.178871 ntrK=124.000000
fNChP=91.244961 ntrP=76.000000
fNChPi=895.970585 ntrPi=883.000000
fNChK=122.178871 ntrK=124.000000
fNChP=91.244961 ntrP=92.000000
fNChPi=895.970585 ntrPi=886.000000
fNChK=122.178871 ntrK=108.000000
fNChP=91.244961 ntrP=87.000000
fNChPi=895.970585 ntrPi=920.000000
fNChK=122.178871 ntrK=110.000000
fNChP=91.244961 ntrP=101.000000
fNChPi=895.970585 ntrPi=899.000000
fNChK=122.178871 ntrK=120.000000
fNChP=91.244961 ntrP=78.000000
fNChPi=895.970585 ntrPi=899.000000
fNChK=122.178871 ntrK=119.000000
fNChP=91.244961 ntrP=79.000000
 ***************  ev = 700000 
fNChPi=895.970585 ntrPi=900.000000
fNChK=122.178871 ntrK=126.000000
fNChP=91.244961 ntrP=85.000000
fNChPi=895.970585 ntrPi=907.000000
fNChK=122.178871 ntrK=135.000000
fNChP=91.244961 ntrP=92.000000
fNChPi=895.970585 ntrPi=870.000000
fNChK=122.178871 ntrK=123.000000
fNChP=91.244961 ntrP=102.000000
fNChPi=895.970585 ntrPi=878.000000
fNChK=122.178871 ntrK=133.000000
fNChP=91.244961 ntrP=93.000000
fNChPi=895.970585 ntrPi=898.000000
fNChK=122.178871 ntrK=144.000000
fNChP=91.244961 ntrP=78.000000
fNChPi=895.970585 ntrPi=835.000000
fNChK=122.178871 ntrK=134.000000
fNChP=91.244961 ntrP=88.000000
fNChPi=895.970585 ntrPi=890.000000
fNChK=122.178871 ntrK=118.000000
fNChP=91.244961 ntrP=71.000000
fNChPi=895.970585 ntrPi=901.000000
fNChK=122.178871 ntrK=123.000000
fNChP=91.244961 ntrP=86.000000
fNChPi=895.970585 ntrPi=875.000000
fNChK=122.178871 ntrK=153.000000
fNChP=91.244961 ntrP=84.000000
fNChPi=895.970585 ntrPi=862.000000
fNChK=122.178871 ntrK=118.000000
fNChP=91.244961 ntrP=91.000000
 ***************  ev = 710000 
fNChPi=895.970585 ntrPi=883.000000
fNChK=122.178871 ntrK=118.000000
fNChP=91.244961 ntrP=83.000000
fNChPi=895.970585 ntrPi=911.000000
fNChK=122.178871 ntrK=119.000000
fNChP=91.244961 ntrP=93.000000
fNChPi=895.970585 ntrPi=916.000000
fNChK=122.178871 ntrK=115.000000
fNChP=91.244961 ntrP=76.000000
fNChPi=895.970585 ntrPi=833.000000
fNChK=122.178871 ntrK=125.000000
fNChP=91.244961 ntrP=88.000000
fNChPi=895.970585 ntrPi=879.000000
fNChK=122.178871 ntrK=96.000000
fNChP=91.244961 ntrP=94.000000
fNChPi=895.970585 ntrPi=885.000000
fNChK=122.178871 ntrK=117.000000
fNChP=91.244961 ntrP=111.000000
fNChPi=895.970585 ntrPi=884.000000
fNChK=122.178871 ntrK=126.000000
fNChP=91.244961 ntrP=106.000000
fNChPi=895.970585 ntrPi=893.000000
fNChK=122.178871 ntrK=129.000000
fNChP=91.244961 ntrP=115.000000
fNChPi=895.970585 ntrPi=892.000000
fNChK=122.178871 ntrK=131.000000
fNChP=91.244961 ntrP=96.000000
fNChPi=895.970585 ntrPi=924.000000
fNChK=122.178871 ntrK=113.000000
fNChP=91.244961 ntrP=80.000000
 ***************  ev = 720000 
fNChPi=895.970585 ntrPi=836.000000
fNChK=122.178871 ntrK=127.000000
fNChP=91.244961 ntrP=99.000000
fNChPi=895.970585 ntrPi=876.000000
fNChK=122.178871 ntrK=110.000000
fNChP=91.244961 ntrP=99.000000
fNChPi=895.970585 ntrPi=912.000000
fNChK=122.178871 ntrK=106.000000
fNChP=91.244961 ntrP=95.000000
fNChPi=895.970585 ntrPi=897.000000
fNChK=122.178871 ntrK=103.000000
fNChP=91.244961 ntrP=104.000000
fNChPi=895.970585 ntrPi=816.000000
fNChK=122.178871 ntrK=144.000000
fNChP=91.244961 ntrP=94.000000
fNChPi=895.970585 ntrPi=893.000000
fNChK=122.178871 ntrK=113.000000
fNChP=91.244961 ntrP=88.000000
fNChPi=895.970585 ntrPi=876.000000
fNChK=122.178871 ntrK=130.000000
fNChP=91.244961 ntrP=75.000000
fNChPi=895.970585 ntrPi=874.000000
fNChK=122.178871 ntrK=127.000000
fNChP=91.244961 ntrP=98.000000
fNChPi=895.970585 ntrPi=936.000000
fNChK=122.178871 ntrK=119.000000
fNChP=91.244961 ntrP=77.000000
fNChPi=895.970585 ntrPi=916.000000
fNChK=122.178871 ntrK=99.000000
fNChP=91.244961 ntrP=104.000000
 ***************  ev = 730000 
fNChPi=895.970585 ntrPi=894.000000
fNChK=122.178871 ntrK=131.000000
fNChP=91.244961 ntrP=84.000000
fNChPi=895.970585 ntrPi=886.000000
fNChK=122.178871 ntrK=120.000000
fNChP=91.244961 ntrP=85.000000
fNChPi=895.970585 ntrPi=873.000000
fNChK=122.178871 ntrK=138.000000
fNChP=91.244961 ntrP=103.000000
fNChPi=895.970585 ntrPi=923.000000
fNChK=122.178871 ntrK=129.000000
fNChP=91.244961 ntrP=105.000000
fNChPi=895.970585 ntrPi=917.000000
fNChK=122.178871 ntrK=119.000000
fNChP=91.244961 ntrP=81.000000
fNChPi=895.970585 ntrPi=896.000000
fNChK=122.178871 ntrK=127.000000
fNChP=91.244961 ntrP=117.000000
fNChPi=895.970585 ntrPi=894.000000
fNChK=122.178871 ntrK=114.000000
fNChP=91.244961 ntrP=100.000000
fNChPi=895.970585 ntrPi=880.000000
fNChK=122.178871 ntrK=130.000000
fNChP=91.244961 ntrP=93.000000
fNChPi=895.970585 ntrPi=910.000000
fNChK=122.178871 ntrK=130.000000
fNChP=91.244961 ntrP=98.000000
fNChPi=895.970585 ntrPi=858.000000
fNChK=122.178871 ntrK=148.000000
fNChP=91.244961 ntrP=101.000000
 ***************  ev = 740000 
fNChPi=895.970585 ntrPi=864.000000
fNChK=122.178871 ntrK=132.000000
fNChP=91.244961 ntrP=83.000000
fNChPi=895.970585 ntrPi=898.000000
fNChK=122.178871 ntrK=124.000000
fNChP=91.244961 ntrP=84.000000
fNChPi=895.970585 ntrPi=904.000000
fNChK=122.178871 ntrK=145.000000
fNChP=91.244961 ntrP=91.000000
fNChPi=895.970585 ntrPi=909.000000
fNChK=122.178871 ntrK=135.000000
fNChP=91.244961 ntrP=79.000000
fNChPi=895.970585 ntrPi=939.000000
fNChK=122.178871 ntrK=112.000000
fNChP=91.244961 ntrP=108.000000
fNChPi=895.970585 ntrPi=894.000000
fNChK=122.178871 ntrK=112.000000
fNChP=91.244961 ntrP=84.000000
fNChPi=895.970585 ntrPi=867.000000
fNChK=122.178871 ntrK=138.000000
fNChP=91.244961 ntrP=98.000000
fNChPi=895.970585 ntrPi=906.000000
fNChK=122.178871 ntrK=129.000000
fNChP=91.244961 ntrP=100.000000
fNChPi=895.970585 ntrPi=905.000000
fNChK=122.178871 ntrK=130.000000
fNChP=91.244961 ntrP=89.000000
fNChPi=895.970585 ntrPi=901.000000
fNChK=122.178871 ntrK=133.000000
fNChP=91.244961 ntrP=66.000000
 ***************  ev = 750000 
fNChPi=895.970585 ntrPi=882.000000
fNChK=122.178871 ntrK=113.000000
fNChP=91.244961 ntrP=111.000000
fNChPi=895.970585 ntrPi=883.000000
fNChK=122.178871 ntrK=128.000000
fNChP=91.244961 ntrP=93.000000
fNChPi=895.970585 ntrPi=884.000000
fNChK=122.178871 ntrK=118.000000
fNChP=91.244961 ntrP=90.000000
fNChPi=895.970585 ntrPi=889.000000
fNChK=122.178871 ntrK=108.000000
fNChP=91.244961 ntrP=94.000000
fNChPi=895.970585 ntrPi=886.000000
fNChK=122.178871 ntrK=131.000000
fNChP=91.244961 ntrP=101.000000
fNChPi=895.970585 ntrPi=931.000000
fNChK=122.178871 ntrK=117.000000
fNChP=91.244961 ntrP=103.000000
fNChPi=895.970585 ntrPi=904.000000
fNChK=122.178871 ntrK=123.000000
fNChP=91.244961 ntrP=98.000000
fNChPi=895.970585 ntrPi=861.000000
fNChK=122.178871 ntrK=110.000000
fNChP=91.244961 ntrP=98.000000
fNChPi=895.970585 ntrPi=899.000000
fNChK=122.178871 ntrK=117.000000
fNChP=91.244961 ntrP=89.000000
fNChPi=895.970585 ntrPi=848.000000
fNChK=122.178871 ntrK=139.000000
fNChP=91.244961 ntrP=92.000000
 ***************  ev = 760000 
fNChPi=895.970585 ntrPi=881.000000
fNChK=122.178871 ntrK=105.000000
fNChP=91.244961 ntrP=86.000000
fNChPi=895.970585 ntrPi=824.000000
fNChK=122.178871 ntrK=125.000000
fNChP=91.244961 ntrP=88.000000
fNChPi=895.970585 ntrPi=905.000000
fNChK=122.178871 ntrK=129.000000
fNChP=91.244961 ntrP=85.000000
fNChPi=895.970585 ntrPi=920.000000
fNChK=122.178871 ntrK=99.000000
fNChP=91.244961 ntrP=93.000000
fNChPi=895.970585 ntrPi=863.000000
fNChK=122.178871 ntrK=121.000000
fNChP=91.244961 ntrP=102.000000
fNChPi=895.970585 ntrPi=940.000000
fNChK=122.178871 ntrK=131.000000
fNChP=91.244961 ntrP=93.000000
fNChPi=895.970585 ntrPi=846.000000
fNChK=122.178871 ntrK=124.000000
fNChP=91.244961 ntrP=94.000000
fNChPi=895.970585 ntrPi=852.000000
fNChK=122.178871 ntrK=102.000000
fNChP=91.244961 ntrP=104.000000
fNChPi=895.970585 ntrPi=922.000000
fNChK=122.178871 ntrK=109.000000
fNChP=91.244961 ntrP=92.000000
fNChPi=895.970585 ntrPi=860.000000
fNChK=122.178871 ntrK=119.000000
fNChP=91.244961 ntrP=98.000000
 ***************  ev = 770000 
fNChPi=895.970585 ntrPi=846.000000
fNChK=122.178871 ntrK=106.000000
fNChP=91.244961 ntrP=82.000000
fNChPi=895.970585 ntrPi=908.000000
fNChK=122.178871 ntrK=118.000000
fNChP=91.244961 ntrP=84.000000
fNChPi=895.970585 ntrPi=888.000000
fNChK=122.178871 ntrK=131.000000
fNChP=91.244961 ntrP=77.000000
fNChPi=895.970585 ntrPi=863.000000
fNChK=122.178871 ntrK=119.000000
fNChP=91.244961 ntrP=87.000000
fNChPi=895.970585 ntrPi=880.000000
fNChK=122.178871 ntrK=127.000000
fNChP=91.244961 ntrP=89.000000
fNChPi=895.970585 ntrPi=916.000000
fNChK=122.178871 ntrK=111.000000
fNChP=91.244961 ntrP=90.000000
fNChPi=895.970585 ntrPi=850.000000
fNChK=122.178871 ntrK=136.000000
fNChP=91.244961 ntrP=83.000000
fNChPi=895.970585 ntrPi=888.000000
fNChK=122.178871 ntrK=136.000000
fNChP=91.244961 ntrP=73.000000
fNChPi=895.970585 ntrPi=921.000000
fNChK=122.178871 ntrK=109.000000
fNChP=91.244961 ntrP=70.000000
fNChPi=895.970585 ntrPi=871.000000
fNChK=122.178871 ntrK=99.000000
fNChP=91.244961 ntrP=91.000000
 ***************  ev = 780000 
fNChPi=895.970585 ntrPi=933.000000
fNChK=122.178871 ntrK=107.000000
fNChP=91.244961 ntrP=100.000000
fNChPi=895.970585 ntrPi=958.000000
fNChK=122.178871 ntrK=125.000000
fNChP=91.244961 ntrP=75.000000
fNChPi=895.970585 ntrPi=850.000000
fNChK=122.178871 ntrK=126.000000
fNChP=91.244961 ntrP=79.000000
fNChPi=895.970585 ntrPi=939.000000
fNChK=122.178871 ntrK=135.000000
fNChP=91.244961 ntrP=103.000000
fNChPi=895.970585 ntrPi=875.000000
fNChK=122.178871 ntrK=131.000000
fNChP=91.244961 ntrP=96.000000
fNChPi=895.970585 ntrPi=925.000000
fNChK=122.178871 ntrK=133.000000
fNChP=91.244961 ntrP=93.000000
fNChPi=895.970585 ntrPi=930.000000
fNChK=122.178871 ntrK=121.000000
fNChP=91.244961 ntrP=89.000000
fNChPi=895.970585 ntrPi=907.000000
fNChK=122.178871 ntrK=122.000000
fNChP=91.244961 ntrP=88.000000
fNChPi=895.970585 ntrPi=849.000000
fNChK=122.178871 ntrK=131.000000
fNChP=91.244961 ntrP=99.000000
fNChPi=895.970585 ntrPi=918.000000
fNChK=122.178871 ntrK=113.000000
fNChP=91.244961 ntrP=80.000000
 ***************  ev = 790000 
fNChPi=895.970585 ntrPi=943.000000
fNChK=122.178871 ntrK=142.000000
fNChP=91.244961 ntrP=100.000000
fNChPi=895.970585 ntrPi=894.000000
fNChK=122.178871 ntrK=136.000000
fNChP=91.244961 ntrP=85.000000
fNChPi=895.970585 ntrPi=869.000000
fNChK=122.178871 ntrK=136.000000
fNChP=91.244961 ntrP=101.000000
fNChPi=895.970585 ntrPi=884.000000
fNChK=122.178871 ntrK=128.000000
fNChP=91.244961 ntrP=96.000000
fNChPi=895.970585 ntrPi=894.000000
fNChK=122.178871 ntrK=123.000000
fNChP=91.244961 ntrP=83.000000
fNChPi=895.970585 ntrPi=877.000000
fNChK=122.178871 ntrK=135.000000
fNChP=91.244961 ntrP=74.000000
fNChPi=895.970585 ntrPi=849.000000
fNChK=122.178871 ntrK=125.000000
fNChP=91.244961 ntrP=96.000000
fNChPi=895.970585 ntrPi=947.000000
fNChK=122.178871 ntrK=135.000000
fNChP=91.244961 ntrP=74.000000
fNChPi=895.970585 ntrPi=829.000000
fNChK=122.178871 ntrK=118.000000
fNChP=91.244961 ntrP=99.000000
fNChPi=895.970585 ntrPi=874.000000
fNChK=122.178871 ntrK=121.000000
fNChP=91.244961 ntrP=80.000000
I-TCanvas::MakeDefCanvas:  created default TCanvas with name c1



 ***************************************************************************
 *                         *****TAUOLA LIBRARY: VERSION 2.9 ******         *
 *                         ***********October 2011 ***************         *
 *                         **AUTHORS: S.JADACH, Z.WAS*************         *
 *                         **R. DECKER, M. JEZABEK, J.H.KUEHN*****         *
 *                         **AVAILABLE FROM: www.cern.ch/wasm****          *
 *                         ***** PUBLISHED IN COMP. PHYS. COMM.***         *
 *                         0: Physics initialization  CLEO collab          *
 *                          see Alain Weinstein www home page:             *
 *                         http://www.cithep.caltech.edu/~ajw/             *
 *                         /korb_doc.html#files                            *
 *                         1: Physics initialization RChL of:              *
 *                          O. Shekhovtsova, T. Przedzinski,               *
 *                          P. Roig and Z. Was                             *
 *                          IFJPAN-2013-5, UAB-FT-731                      *
 *                         *******CPC 76 (1993) 361          *****         *
 *                         **5 or more pi dec.: precision limited          *
 *                         ****DEKAY ROUTINE: INITIALIZATION******         *
 *                   0     JAK1   = DECAY MODE TAU+                        *
 *                   0     JAK2   = DECAY MODE TAU-                        *
 ***************************************************************************

 *                   0     IVER   = hadronic current version           *
  RANMAR INITIALIZED:   54217137           0         0

 ***************************************************************************

  KORB: rho/rhop -> pi-pi0 mixing:
  KORB: rho   =  0.769900024      0.151199996    
  KORB: rhop  =   1.37000000      0.509999990     -0.109999999    
  KORB: K*/K*prime -> Kpi mixing:
  KORB: kstp  =   1.70000005      0.234999999      -3.79999988E-02
  KORB: a1/a1prime -> 3pi, KKpi mixing:
  KORB: a1    =   1.27499998      0.699999988    
  KORB: a1prim=   1.46099997      0.250000000       0.00000000    
  KORB: K1A/K1B -> Kpipi mixing:
  KORB: K1A   =   1.26999998       9.00000036E-02   1.00000000    
  KORB: K1B   =   1.40199995      0.173999995      0.800000012    
  KORB: rho/rhop/rhopp -> 4pi mixing:
  KORB: rho   =  0.769900024      0.151199996    
  KORB: rhopp =   1.46500003      0.310000002     -0.109999999    
  KORB: rhoppp=   1.70000005      0.234999999     -0.109999999    
  KORB: 3PI-PI0 PARAMS:   0.00000000      0.124200001      0.160400003      0.271100014      0.444299996    
  KORB: PI-3PI0 PARAMS:   0.00000000       1.00000000    
  In F3pi: add (rho-pi S-wave) + (rhop-pi S-wave) +
               (rho-pi D-wave) + (rhop-pi D-wave) +
    (f2 pi D-wave) + (sigmapi S-wave) + (f0pi S-wave)
